# Logfile created on Thu Dec 30 12:26:34 -0800 2010  [4;36;1mGender Load (0.0ms)[0m   [0;1mSELECT * FROM "genders" WHERE ("genders"."name" = 'Men') LIMIT 1[0m
  [4;35;1mGender Load (0.0ms)[0m   [0mSELECT * FROM "genders" WHERE ("genders"."name" = 'Women') LIMIT 1[0m
  [4;36;1mGender Load (1.0ms)[0m   [0;1mSELECT * FROM "genders" [0m
  [4;35;1mCACHE (0.0ms)[0m   [0mSELECT * FROM "genders" [0m
  [4;36;1mCACHE (0.0ms)[0m   [0;1mSELECT * FROM "genders" [0m


Processing GendersController#men (for 127.0.0.1 at 2011-01-02 10:23:20) [GET]
  Parameters: {"id"=>3}
  [4;35;1mGender Load (0.0ms)[0m   [0mSELECT * FROM "genders" WHERE ("genders"."name" = 'Women') LIMIT 1[0m
  [4;36;1mPlay Load (2.0ms)[0m   [0;1mSELECT * FROM "plays" WHERE ("plays"."classification" = 'Comedy') [0m
  [4;35;1mPlay Load (1.0ms)[0m   [0mSELECT * FROM "plays" WHERE ("plays"."classification" = 'History') [0m
  [4;36;1mPlay Load (2.0ms)[0m   [0;1mSELECT * FROM "plays" WHERE ("plays"."classification" = 'Tragedy') [0m
Rendering template within layouts/application
Rendering genders/show
Cached fragment hit: views/play/_search/gender_men (1.0ms)
Cached fragment miss: views/play/_search/gender_men (11.0ms)
Rendered shared/_search (47.0ms)
Rendered shared/_tip_jar (18.0ms)
Completed in 2556ms (View: 214, DB: 6) | 200 OK [http://localhost/men/]
  [4;35;1mGender Load (1.0ms)[0m   [0mSELECT * FROM "genders" [0m
  [4;36;1mCACHE (0.0ms)[0m   [0;1mSELECT * FROM "genders" [0m
  [4;35;1mCACHE (0.0ms)[0m   [0mSELECT * FROM "genders" [0m


Processing GendersController#men (for 127.0.0.1 at 2011-01-02 10:26:11) [GET]
  Parameters: {"id"=>3}
  [4;36;1mGender Load (1.0ms)[0m   [0;1mSELECT * FROM "genders" WHERE ("genders"."name" = 'Women') LIMIT 1[0m
  [4;35;1mPlay Load (2.0ms)[0m   [0mSELECT * FROM "plays" WHERE ("plays"."classification" = 'Comedy') [0m
  [4;36;1mPlay Load (1.0ms)[0m   [0;1mSELECT * FROM "plays" WHERE ("plays"."classification" = 'History') [0m
  [4;35;1mPlay Load (1.0ms)[0m   [0mSELECT * FROM "plays" WHERE ("plays"."classification" = 'Tragedy') [0m
Rendering template within layouts/application
Rendering genders/show
Cached fragment hit: views/play/_search/gender_men (1.0ms)
Rendered shared/_search (1.0ms)
Rendered shared/_tip_jar (0.0ms)
Completed in 30ms (View: 12, DB: 6) | 200 OK [http://localhost/men/]
  [4;36;1mGender Load (1.0ms)[0m   [0;1mSELECT * FROM "genders" [0m
  [4;35;1mCACHE (0.0ms)[0m   [0mSELECT * FROM "genders" [0m
  [4;36;1mCACHE (0.0ms)[0m   [0;1mSELECT * FROM "genders" [0m


Processing GendersController#men (for 127.0.0.1 at 2011-01-02 10:53:54) [GET]
  Parameters: {"id"=>3}
  [4;35;1mGender Load (0.0ms)[0m   [0mSELECT * FROM "genders" WHERE ("genders"."name" = 'Women') LIMIT 1[0m
  [4;36;1mPlay Load (2.0ms)[0m   [0;1mSELECT * FROM "plays" WHERE ("plays"."classification" = 'Comedy') [0m
  [4;35;1mPlay Load (2.0ms)[0m   [0mSELECT * FROM "plays" WHERE ("plays"."classification" = 'History') [0m
  [4;36;1mPlay Load (2.0ms)[0m   [0;1mSELECT * FROM "plays" WHERE ("plays"."classification" = 'Tragedy') [0m
Rendering template within layouts/application
Rendering genders/show
Cached fragment hit: views/play/_search/gender_men (0.0ms)
Rendered shared/_search (1.0ms)
Rendered shared/_tip_jar (0.0ms)
Completed in 27ms (View: 10, DB: 7) | 200 OK [http://localhost/men/]
  [4;36;1mGender Load (0.0ms)[0m   [0;1mSELECT * FROM "genders" WHERE ("genders"."name" = 'Men') LIMIT 1[0m
  [4;35;1mGender Load (0.0ms)[0m   [0mSELECT * FROM "genders" WHERE ("genders"."name" = 'Women') LIMIT 1[0m
  [4;36;1mGender Load (1.0ms)[0m   [0;1mSELECT * FROM "genders" [0m
  [4;35;1mCACHE (0.0ms)[0m   [0mSELECT * FROM "genders" [0m
  [4;36;1mCACHE (0.0ms)[0m   [0;1mSELECT * FROM "genders" [0m


Processing GendersController#men (for 127.0.0.1 at 2011-01-02 12:00:53) [GET]
  Parameters: {"id"=>3}
  [4;35;1mGender Load (1.0ms)[0m   [0mSELECT * FROM "genders" WHERE ("genders"."name" = 'Women') LIMIT 1[0m
  [4;36;1mPlay Load (1.0ms)[0m   [0;1mSELECT * FROM "plays" WHERE ("plays"."classification" = 'Comedy') [0m
  [4;35;1mPlay Load (1.0ms)[0m   [0mSELECT * FROM "plays" WHERE ("plays"."classification" = 'History') [0m
  [4;36;1mPlay Load (1.0ms)[0m   [0;1mSELECT * FROM "plays" WHERE ("plays"."classification" = 'Tragedy') [0m
Rendering template within layouts/application
Rendering genders/show
Cached fragment hit: views/play/_search/gender_men (0.0ms)
Rendered shared/_search (4.0ms)
Rendered shared/_tip_jar (2.0ms)
Completed in 2366ms (View: 71, DB: 5) | 200 OK [http://localhost/men/]
  [4;35;1mGender Load (1.0ms)[0m   [0mSELECT * FROM "genders" [0m
  [4;36;1mCACHE (0.0ms)[0m   [0;1mSELECT * FROM "genders" [0m
  [4;35;1mCACHE (0.0ms)[0m   [0mSELECT * FROM "genders" [0m


Processing GendersController#men (for 127.0.0.1 at 2011-01-02 12:02:26) [GET]
  Parameters: {"id"=>3}
  [4;36;1mGender Load (1.0ms)[0m   [0;1mSELECT * FROM "genders" WHERE ("genders"."name" = 'Women') LIMIT 1[0m
  [4;35;1mPlay Load (2.0ms)[0m   [0mSELECT * FROM "plays" WHERE ("plays"."classification" = 'Comedy') [0m
  [4;36;1mPlay Load (1.0ms)[0m   [0;1mSELECT * FROM "plays" WHERE ("plays"."classification" = 'History') [0m
  [4;35;1mPlay Load (1.0ms)[0m   [0mSELECT * FROM "plays" WHERE ("plays"."classification" = 'Tragedy') [0m
Rendering template within layouts/application
Rendering genders/show
Cached fragment hit: views/play/_search/gender_men (1.0ms)
Rendered shared/_search (1.0ms)
Rendered shared/_tip_jar (0.0ms)
Completed in 36ms (View: 19, DB: 6) | 200 OK [http://localhost/men/]
  [4;36;1mGender Load (2.0ms)[0m   [0;1mSELECT * FROM "genders" [0m
  [4;35;1mCACHE (0.0ms)[0m   [0mSELECT * FROM "genders" [0m
  [4;36;1mCACHE (0.0ms)[0m   [0;1mSELECT * FROM "genders" [0m


Processing ApplicationController#index (for 127.0.0.1 at 2011-01-02 12:02:31) [GET]
  Parameters: {"sa"=>"Search", "cof"=>"FORID:10", "ie"=>"UTF-8", "q"=>"test", "cx"=>"partner-pub-5236095389905910:6378564193", "siteurl"=>"localhost:3000/men/"}

ActionController::RoutingError (No route matches "/men/GoogSearch.html" with {:method=>:get}):
  C:/Ruby/lib/ruby/1.8/webrick/httpserver.rb:104:in `service'
  C:/Ruby/lib/ruby/1.8/webrick/httpserver.rb:65:in `run'
  C:/Ruby/lib/ruby/1.8/webrick/server.rb:173:in `start_thread'
  C:/Ruby/lib/ruby/1.8/webrick/server.rb:162:in `start'
  C:/Ruby/lib/ruby/1.8/webrick/server.rb:162:in `start_thread'
  C:/Ruby/lib/ruby/1.8/webrick/server.rb:95:in `start'
  C:/Ruby/lib/ruby/1.8/webrick/server.rb:92:in `each'
  C:/Ruby/lib/ruby/1.8/webrick/server.rb:92:in `start'
  C:/Ruby/lib/ruby/1.8/webrick/server.rb:23:in `start'
  C:/Ruby/lib/ruby/1.8/webrick/server.rb:82:in `start'

Rendering rescues/layout (not_found)
  [4;35;1mGender Load (1.0ms)[0m   [0mSELECT * FROM "genders" [0m
  [4;36;1mCACHE (0.0ms)[0m   [0;1mSELECT * FROM "genders" [0m
  [4;35;1mCACHE (0.0ms)[0m   [0mSELECT * FROM "genders" [0m


Processing ApplicationController#index (for 127.0.0.1 at 2011-01-02 12:02:45) [GET]
  Parameters: {"sa"=>"Search", "cof"=>"FORID:10", "ie"=>"UTF-8", "q"=>"test", "cx"=>"partner-pub-5236095389905910:6378564193", "siteurl"=>"localhost:3000/men/"}

ActionController::RoutingError (No route matches "/men/GoogSearch.html" with {:method=>:get}):
  C:/Ruby/lib/ruby/1.8/webrick/httpserver.rb:104:in `service'
  C:/Ruby/lib/ruby/1.8/webrick/httpserver.rb:65:in `run'
  C:/Ruby/lib/ruby/1.8/webrick/server.rb:173:in `start_thread'
  C:/Ruby/lib/ruby/1.8/webrick/server.rb:162:in `start'
  C:/Ruby/lib/ruby/1.8/webrick/server.rb:162:in `start_thread'
  C:/Ruby/lib/ruby/1.8/webrick/server.rb:95:in `start'
  C:/Ruby/lib/ruby/1.8/webrick/server.rb:92:in `each'
  C:/Ruby/lib/ruby/1.8/webrick/server.rb:92:in `start'
  C:/Ruby/lib/ruby/1.8/webrick/server.rb:23:in `start'
  C:/Ruby/lib/ruby/1.8/webrick/server.rb:82:in `start'

Rendering rescues/layout (not_found)
  [4;36;1mGender Load (1.0ms)[0m   [0;1mSELECT * FROM "genders" [0m
  [4;35;1mCACHE (0.0ms)[0m   [0mSELECT * FROM "genders" [0m
  [4;36;1mCACHE (0.0ms)[0m   [0;1mSELECT * FROM "genders" [0m


Processing GendersController#men (for 127.0.0.1 at 2011-01-02 12:06:28) [GET]
  Parameters: {"id"=>3}
  [4;35;1mGender Load (1.0ms)[0m   [0mSELECT * FROM "genders" WHERE ("genders"."name" = 'Women') LIMIT 1[0m
  [4;36;1mPlay Load (2.0ms)[0m   [0;1mSELECT * FROM "plays" WHERE ("plays"."classification" = 'Comedy') [0m
  [4;35;1mPlay Load (1.0ms)[0m   [0mSELECT * FROM "plays" WHERE ("plays"."classification" = 'History') [0m
  [4;36;1mPlay Load (1.0ms)[0m   [0;1mSELECT * FROM "plays" WHERE ("plays"."classification" = 'Tragedy') [0m
Rendering template within layouts/application
Rendering genders/show
Cached fragment hit: views/play/_search/gender_men (0.0ms)
Rendered shared/_search (0.0ms)
Rendered shared/_tip_jar (0.0ms)
Completed in 35ms (View: 18, DB: 6) | 200 OK [http://localhost/men/]
  [4;35;1mGender Load (1.0ms)[0m   [0mSELECT * FROM "genders" [0m
  [4;36;1mCACHE (0.0ms)[0m   [0;1mSELECT * FROM "genders" [0m
  [4;35;1mCACHE (0.0ms)[0m   [0mSELECT * FROM "genders" [0m


Processing GendersController#men (for 127.0.0.1 at 2011-01-02 12:07:53) [GET]
  Parameters: {"id"=>3}
  [4;36;1mGender Load (0.0ms)[0m   [0;1mSELECT * FROM "genders" WHERE ("genders"."name" = 'Women') LIMIT 1[0m
  [4;35;1mPlay Load (2.0ms)[0m   [0mSELECT * FROM "plays" WHERE ("plays"."classification" = 'Comedy') [0m
  [4;36;1mPlay Load (1.0ms)[0m   [0;1mSELECT * FROM "plays" WHERE ("plays"."classification" = 'History') [0m
  [4;35;1mPlay Load (1.0ms)[0m   [0mSELECT * FROM "plays" WHERE ("plays"."classification" = 'Tragedy') [0m
Rendering template within layouts/application
Rendering genders/show
Cached fragment hit: views/play/_search/gender_men (0.0ms)
Rendered shared/_search (1.0ms)
Rendered shared/_tip_jar (0.0ms)
Completed in 36ms (View: 18, DB: 5) | 200 OK [http://localhost/men/]
  [4;36;1mGender Load (1.0ms)[0m   [0;1mSELECT * FROM "genders" [0m
  [4;35;1mCACHE (0.0ms)[0m   [0mSELECT * FROM "genders" [0m
  [4;36;1mCACHE (0.0ms)[0m   [0;1mSELECT * FROM "genders" [0m


Processing GendersController#men (for 127.0.0.1 at 2011-01-02 12:08:16) [GET]
  Parameters: {"id"=>3}
  [4;35;1mGender Load (1.0ms)[0m   [0mSELECT * FROM "genders" WHERE ("genders"."name" = 'Women') LIMIT 1[0m
  [4;36;1mPlay Load (3.0ms)[0m   [0;1mSELECT * FROM "plays" WHERE ("plays"."classification" = 'Comedy') [0m
  [4;35;1mPlay Load (2.0ms)[0m   [0mSELECT * FROM "plays" WHERE ("plays"."classification" = 'History') [0m
  [4;36;1mPlay Load (2.0ms)[0m   [0;1mSELECT * FROM "plays" WHERE ("plays"."classification" = 'Tragedy') [0m
Rendering template within layouts/application
Rendering genders/show
Cached fragment hit: views/play/_search/gender_men (0.0ms)
Rendered shared/_search (2.0ms)
Rendered shared/_tip_jar (0.0ms)
Completed in 59ms (View: 29, DB: 9) | 200 OK [http://localhost/men/]
  [4;36;1mGender Load (1.0ms)[0m   [0;1mSELECT * FROM "genders" WHERE ("genders"."name" = 'Men') LIMIT 1[0m
  [4;35;1mGender Load (0.0ms)[0m   [0mSELECT * FROM "genders" WHERE ("genders"."name" = 'Women') LIMIT 1[0m
  [4;36;1mGender Load (1.0ms)[0m   [0;1mSELECT * FROM "genders" [0m
  [4;35;1mCACHE (0.0ms)[0m   [0mSELECT * FROM "genders" [0m
  [4;36;1mCACHE (0.0ms)[0m   [0;1mSELECT * FROM "genders" [0m


Processing GendersController#men (for 127.0.0.1 at 2011-01-02 12:29:27) [GET]
  Parameters: {"id"=>3}
  [4;35;1mGender Load (1.0ms)[0m   [0mSELECT * FROM "genders" WHERE ("genders"."name" = 'Women') LIMIT 1[0m
  [4;36;1mPlay Load (1.0ms)[0m   [0;1mSELECT * FROM "plays" WHERE ("plays"."classification" = 'Comedy') [0m
  [4;35;1mPlay Load (1.0ms)[0m   [0mSELECT * FROM "plays" WHERE ("plays"."classification" = 'History') [0m
  [4;36;1mPlay Load (1.0ms)[0m   [0;1mSELECT * FROM "plays" WHERE ("plays"."classification" = 'Tragedy') [0m
Rendering template within layouts/application
Rendering genders/show
Cached fragment hit: views/play/_search/gender_men (0.0ms)
Rendered shared/_search (4.0ms)
Rendered shared/_tip_jar (1.0ms)
Completed in 94ms (View: 71, DB: 5) | 200 OK [http://localhost/men/]
  [4;35;1mGender Load (1.0ms)[0m   [0mSELECT * FROM "genders" [0m
  [4;36;1mCACHE (0.0ms)[0m   [0;1mSELECT * FROM "genders" [0m
  [4;35;1mCACHE (0.0ms)[0m   [0mSELECT * FROM "genders" [0m


Processing GendersController#men (for 127.0.0.1 at 2011-01-02 12:38:27) [GET]
  Parameters: {"id"=>3}
  [4;36;1mGender Load (0.0ms)[0m   [0;1mSELECT * FROM "genders" WHERE ("genders"."name" = 'Women') LIMIT 1[0m
  [4;35;1mPlay Load (2.0ms)[0m   [0mSELECT * FROM "plays" WHERE ("plays"."classification" = 'Comedy') [0m
  [4;36;1mPlay Load (1.0ms)[0m   [0;1mSELECT * FROM "plays" WHERE ("plays"."classification" = 'History') [0m
  [4;35;1mPlay Load (1.0ms)[0m   [0mSELECT * FROM "plays" WHERE ("plays"."classification" = 'Tragedy') [0m
Rendering template within layouts/application
Rendering genders/show
Cached fragment hit: views/play/_search/gender_men (1.0ms)
Rendered shared/_search (1.0ms)
Rendered shared/_tip_jar (0.0ms)
Completed in 38ms (View: 20, DB: 5) | 200 OK [http://localhost/men/]
  [4;36;1mGender Load (1.0ms)[0m   [0;1mSELECT * FROM "genders" [0m
  [4;35;1mCACHE (0.0ms)[0m   [0mSELECT * FROM "genders" [0m
  [4;36;1mCACHE (0.0ms)[0m   [0;1mSELECT * FROM "genders" [0m


Processing PlaysController#show (for 127.0.0.1 at 2011-01-02 12:38:29) [GET]
  Parameters: {"id"=>"16", "g"=>"3"}
Cached fragment hit: views/play/16/g3/e (0.0ms)
  [4;35;1mPlay Load (1.0ms)[0m   [0mSELECT * FROM "plays" WHERE ("plays"."id" = 16) [0m
  [4;36;1mMonologue Load (16.0ms)[0m   [0;1mSELECT * FROM "monologues" WHERE ((gender_id = 3 OR gender_id = 1) AND play_id = 16) [0m
Rendering template within layouts/application
Rendering plays/show
  [4;35;1mCACHE (0.0ms)[0m   [0mSELECT * FROM "plays" WHERE ("plays"."id" = 16) [0m
  [4;36;1mCACHE (0.0ms)[0m   [0;1mSELECT * FROM "plays" WHERE ("plays"."id" = 16) [0m
  [4;35;1mCACHE (0.0ms)[0m   [0mSELECT * FROM "plays" WHERE ("plays"."id" = 16) [0m
  [4;36;1mCACHE (0.0ms)[0m   [0;1mSELECT * FROM "plays" WHERE ("plays"."id" = 16) [0m
  [4;35;1mCACHE (0.0ms)[0m   [0mSELECT * FROM "plays" WHERE ("plays"."id" = 16) [0m
  [4;36;1mCACHE (0.0ms)[0m   [0;1mSELECT * FROM "plays" WHERE ("plays"."id" = 16) [0m
  [4;35;1mCACHE (0.0ms)[0m   [0mSELECT * FROM "plays" WHERE ("plays"."id" = 16) [0m
  [4;36;1mCACHE (0.0ms)[0m   [0;1mSELECT * FROM "plays" WHERE ("plays"."id" = 16) [0m
  [4;35;1mCACHE (0.0ms)[0m   [0mSELECT * FROM "plays" WHERE ("plays"."id" = 16) [0m
  [4;36;1mCACHE (0.0ms)[0m   [0;1mSELECT * FROM "plays" WHERE ("plays"."id" = 16) [0m
  [4;35;1mCACHE (0.0ms)[0m   [0mSELECT * FROM "plays" WHERE ("plays"."id" = 16) [0m
  [4;36;1mCACHE (0.0ms)[0m   [0;1mSELECT * FROM "plays" WHERE ("plays"."id" = 16) [0m
  [4;35;1mCACHE (0.0ms)[0m   [0mSELECT * FROM "plays" WHERE ("plays"."id" = 16) [0m
  [4;36;1mCACHE (0.0ms)[0m   [0;1mSELECT * FROM "plays" WHERE ("plays"."id" = 16) [0m
Rendered shared/_monologues (48.0ms)
Rendered shared/_search (52.0ms)
Rendered shared/_tip_jar (0.0ms)
Cached fragment miss: views/play/16/g3/e (65.0ms)
Completed in 199ms (View: 91, DB: 18) | 200 OK [http://localhost/plays/16?g=3]
  [4;35;1mGender Load (0.0ms)[0m   [0mSELECT * FROM "genders" [0m
  [4;36;1mCACHE (0.0ms)[0m   [0;1mSELECT * FROM "genders" [0m
  [4;35;1mCACHE (0.0ms)[0m   [0mSELECT * FROM "genders" [0m


Processing PlaysController#show (for 127.0.0.1 at 2011-01-02 12:38:34) [GET]
  Parameters: {"id"=>"16", "g"=>"3"}
Cached fragment hit: views/play/16/g3/e (0.0ms)
Rendering template within layouts/application
Rendered shared/_tip_jar (1.0ms)
Filter chain halted as [#<ActionController::Filters::AroundFilter:0x8cdb5e0 @kind=:filter, @identifier=nil, @method=#<Proc:0x053331f0@C:/Ruby/lib/ruby/gems/1.8/gems/actionpack-2.3.5/lib/action_controller/caching/actions.rb:64>, @options={:if=>nil, :unless=>nil, :only=>#<Set: {"show"}>}>] did_not_yield.
Completed in 7ms (View: 5, DB: 0) | 200 OK [http://localhost/plays/16?g=3]
  [4;36;1mGender Load (1.0ms)[0m   [0;1mSELECT * FROM "genders" [0m
  [4;35;1mCACHE (0.0ms)[0m   [0mSELECT * FROM "genders" [0m
  [4;36;1mCACHE (0.0ms)[0m   [0;1mSELECT * FROM "genders" [0m


Processing PlaysController#show (for 127.0.0.1 at 2011-01-02 12:39:41) [GET]
  Parameters: {"id"=>"16", "g"=>"3"}
Cached fragment hit: views/play/16/g3/e (0.0ms)
Rendering template within layouts/application
Rendered shared/_tip_jar (0.0ms)
Filter chain halted as [#<ActionController::Filters::AroundFilter:0x8c60a30 @kind=:filter, @identifier=nil, @method=#<Proc:0x053331f0@C:/Ruby/lib/ruby/gems/1.8/gems/actionpack-2.3.5/lib/action_controller/caching/actions.rb:64>, @options={:if=>nil, :unless=>nil, :only=>#<Set: {"show"}>}>] did_not_yield.
Completed in 16ms (View: 15, DB: 1) | 200 OK [http://localhost/plays/16?g=3]
  [4;35;1mGender Load (2.0ms)[0m   [0mSELECT * FROM "genders" [0m
  [4;36;1mCACHE (0.0ms)[0m   [0;1mSELECT * FROM "genders" [0m
  [4;35;1mCACHE (0.0ms)[0m   [0mSELECT * FROM "genders" [0m


Processing PlaysController#show (for 127.0.0.1 at 2011-01-02 12:40:09) [GET]
  Parameters: {"id"=>"16", "g"=>"3"}
Cached fragment hit: views/play/16/g3/e (1.0ms)
Rendering template within layouts/application
Rendered shared/_tip_jar (0.0ms)
Filter chain halted as [#<ActionController::Filters::AroundFilter:0x8b9e438 @kind=:filter, @identifier=nil, @method=#<Proc:0x053331f0@C:/Ruby/lib/ruby/gems/1.8/gems/actionpack-2.3.5/lib/action_controller/caching/actions.rb:64>, @options={:if=>nil, :unless=>nil, :only=>#<Set: {"show"}>}>] did_not_yield.
Completed in 26ms (View: 20, DB: 2) | 200 OK [http://localhost/plays/16?g=3]
  [4;36;1mGender Load (1.0ms)[0m   [0;1mSELECT * FROM "genders" [0m
  [4;35;1mCACHE (0.0ms)[0m   [0mSELECT * FROM "genders" [0m
  [4;36;1mCACHE (0.0ms)[0m   [0;1mSELECT * FROM "genders" [0m


Processing GendersController#women (for 127.0.0.1 at 2011-01-02 14:48:54) [GET]
  Parameters: {"id"=>2}
  [4;35;1mGender Load (0.0ms)[0m   [0mSELECT * FROM "genders" WHERE ("genders"."name" = 'Men') LIMIT 1[0m
  [4;36;1mPlay Load (3.0ms)[0m   [0;1mSELECT * FROM "plays" WHERE ("plays"."classification" = 'Comedy') [0m
  [4;35;1mPlay Load (2.0ms)[0m   [0mSELECT * FROM "plays" WHERE ("plays"."classification" = 'History') [0m
  [4;36;1mPlay Load (1.0ms)[0m   [0;1mSELECT * FROM "plays" WHERE ("plays"."classification" = 'Tragedy') [0m
Rendering template within layouts/application
Rendering genders/show
Cached fragment hit: views/play/_search/gender_women (0.0ms)
Cached fragment miss: views/play/_search/gender_women (7.0ms)
Rendered shared/_search (29.0ms)
Rendered shared/_tip_jar (0.0ms)
Completed in 5299ms (View: 52, DB: 7) | 200 OK [http://localhost/women/]
  [4;36;1mGender Load (0.0ms)[0m   [0;1mSELECT * FROM "genders" WHERE ("genders"."name" = 'Men') LIMIT 1[0m
  [4;35;1mGender Load (0.0ms)[0m   [0mSELECT * FROM "genders" WHERE ("genders"."name" = 'Women') LIMIT 1[0m
  [4;36;1mGender Load (1.0ms)[0m   [0;1mSELECT * FROM "genders" [0m
  [4;35;1mCACHE (0.0ms)[0m   [0mSELECT * FROM "genders" [0m
  [4;36;1mCACHE (0.0ms)[0m   [0;1mSELECT * FROM "genders" [0m


Processing ApplicationController#index (for 127.0.0.1 at 2011-01-29 11:09:12) [GET]

ActionController::RoutingError (No route matches "/index2_files/main15.js" with {:method=>:get}):
  C:/Ruby/lib/ruby/1.8/webrick/httpserver.rb:104:in `service'
  C:/Ruby/lib/ruby/1.8/webrick/httpserver.rb:65:in `run'
  C:/Ruby/lib/ruby/1.8/webrick/server.rb:173:in `start_thread'
  C:/Ruby/lib/ruby/1.8/webrick/server.rb:162:in `start'
  C:/Ruby/lib/ruby/1.8/webrick/server.rb:162:in `start_thread'
  C:/Ruby/lib/ruby/1.8/webrick/server.rb:95:in `start'
  C:/Ruby/lib/ruby/1.8/webrick/server.rb:92:in `each'
  C:/Ruby/lib/ruby/1.8/webrick/server.rb:92:in `start'
  C:/Ruby/lib/ruby/1.8/webrick/server.rb:23:in `start'
  C:/Ruby/lib/ruby/1.8/webrick/server.rb:82:in `start'

Rendering rescues/layout (not_found)
  [4;35;1mGender Load (1.0ms)[0m   [0mSELECT * FROM "genders" [0m
  [4;36;1mCACHE (0.0ms)[0m   [0;1mSELECT * FROM "genders" [0m
  [4;35;1mCACHE (0.0ms)[0m   [0mSELECT * FROM "genders" [0m


Processing ApplicationController#index (for 127.0.0.1 at 2011-01-29 11:09:12) [GET]

ActionController::RoutingError (No route matches "/index2_files/show_ads.js" with {:method=>:get}):
  C:/Ruby/lib/ruby/1.8/webrick/httpserver.rb:104:in `service'
  C:/Ruby/lib/ruby/1.8/webrick/httpserver.rb:65:in `run'
  C:/Ruby/lib/ruby/1.8/webrick/server.rb:173:in `start_thread'
  C:/Ruby/lib/ruby/1.8/webrick/server.rb:162:in `start'
  C:/Ruby/lib/ruby/1.8/webrick/server.rb:162:in `start_thread'
  C:/Ruby/lib/ruby/1.8/webrick/server.rb:95:in `start'
  C:/Ruby/lib/ruby/1.8/webrick/server.rb:92:in `each'
  C:/Ruby/lib/ruby/1.8/webrick/server.rb:92:in `start'
  C:/Ruby/lib/ruby/1.8/webrick/server.rb:23:in `start'
  C:/Ruby/lib/ruby/1.8/webrick/server.rb:82:in `start'

Rendering rescues/layout (not_found)
  [4;36;1mGender Load (1.0ms)[0m   [0;1mSELECT * FROM "genders" [0m
  [4;35;1mCACHE (0.0ms)[0m   [0mSELECT * FROM "genders" [0m
  [4;36;1mCACHE (0.0ms)[0m   [0;1mSELECT * FROM "genders" [0m


Processing ApplicationController#index (for 127.0.0.1 at 2011-01-29 11:09:12) [GET]

ActionController::RoutingError (No route matches "/index2_files/login_status.htm" with {:method=>:get}):
  C:/Ruby/lib/ruby/1.8/webrick/httpserver.rb:104:in `service'
  C:/Ruby/lib/ruby/1.8/webrick/httpserver.rb:65:in `run'
  C:/Ruby/lib/ruby/1.8/webrick/server.rb:173:in `start_thread'
  C:/Ruby/lib/ruby/1.8/webrick/server.rb:162:in `start'
  C:/Ruby/lib/ruby/1.8/webrick/server.rb:162:in `start_thread'
  C:/Ruby/lib/ruby/1.8/webrick/server.rb:95:in `start'
  C:/Ruby/lib/ruby/1.8/webrick/server.rb:92:in `each'
  C:/Ruby/lib/ruby/1.8/webrick/server.rb:92:in `start'
  C:/Ruby/lib/ruby/1.8/webrick/server.rb:23:in `start'
  C:/Ruby/lib/ruby/1.8/webrick/server.rb:82:in `start'

Rendering rescues/layout (not_found)
  [4;35;1mGender Load (1.0ms)[0m   [0mSELECT * FROM "genders" [0m
  [4;36;1mCACHE (0.0ms)[0m   [0;1mSELECT * FROM "genders" [0m
  [4;35;1mCACHE (0.0ms)[0m   [0mSELECT * FROM "genders" [0m


Processing ApplicationController#index (for 127.0.0.1 at 2011-01-29 11:09:12) [GET]

ActionController::RoutingError (No route matches "/index2_files/client_restserver.htm" with {:method=>:get}):
  C:/Ruby/lib/ruby/1.8/webrick/httpserver.rb:104:in `service'
  C:/Ruby/lib/ruby/1.8/webrick/httpserver.rb:65:in `run'
  C:/Ruby/lib/ruby/1.8/webrick/server.rb:173:in `start_thread'
  C:/Ruby/lib/ruby/1.8/webrick/server.rb:162:in `start'
  C:/Ruby/lib/ruby/1.8/webrick/server.rb:162:in `start_thread'
  C:/Ruby/lib/ruby/1.8/webrick/server.rb:95:in `start'
  C:/Ruby/lib/ruby/1.8/webrick/server.rb:92:in `each'
  C:/Ruby/lib/ruby/1.8/webrick/server.rb:92:in `start'
  C:/Ruby/lib/ruby/1.8/webrick/server.rb:23:in `start'
  C:/Ruby/lib/ruby/1.8/webrick/server.rb:82:in `start'

Rendering rescues/layout (not_found)
  [4;36;1mGender Load (1.0ms)[0m   [0;1mSELECT * FROM "genders" [0m
  [4;35;1mCACHE (0.0ms)[0m   [0mSELECT * FROM "genders" [0m
  [4;36;1mCACHE (0.0ms)[0m   [0;1mSELECT * FROM "genders" [0m


Processing ApplicationController#index (for 127.0.0.1 at 2011-01-29 11:09:38) [GET]

ActionController::RoutingError (No route matches "/index2_files/addthis_widget.js" with {:method=>:get}):
  C:/Ruby/lib/ruby/1.8/webrick/httpserver.rb:104:in `service'
  C:/Ruby/lib/ruby/1.8/webrick/httpserver.rb:65:in `run'
  C:/Ruby/lib/ruby/1.8/webrick/server.rb:173:in `start_thread'
  C:/Ruby/lib/ruby/1.8/webrick/server.rb:162:in `start'
  C:/Ruby/lib/ruby/1.8/webrick/server.rb:162:in `start_thread'
  C:/Ruby/lib/ruby/1.8/webrick/server.rb:95:in `start'
  C:/Ruby/lib/ruby/1.8/webrick/server.rb:92:in `each'
  C:/Ruby/lib/ruby/1.8/webrick/server.rb:92:in `start'
  C:/Ruby/lib/ruby/1.8/webrick/server.rb:23:in `start'
  C:/Ruby/lib/ruby/1.8/webrick/server.rb:82:in `start'

Rendering rescues/layout (not_found)
  [4;35;1mGender Load (1.0ms)[0m   [0mSELECT * FROM "genders" [0m
  [4;36;1mCACHE (0.0ms)[0m   [0;1mSELECT * FROM "genders" [0m
  [4;35;1mCACHE (0.0ms)[0m   [0mSELECT * FROM "genders" [0m


Processing ApplicationController#index (for 127.0.0.1 at 2011-01-29 11:09:38) [GET]

ActionController::RoutingError (No route matches "/index2_files/show_ads.js" with {:method=>:get}):
  C:/Ruby/lib/ruby/1.8/webrick/httpserver.rb:104:in `service'
  C:/Ruby/lib/ruby/1.8/webrick/httpserver.rb:65:in `run'
  C:/Ruby/lib/ruby/1.8/webrick/server.rb:173:in `start_thread'
  C:/Ruby/lib/ruby/1.8/webrick/server.rb:162:in `start'
  C:/Ruby/lib/ruby/1.8/webrick/server.rb:162:in `start_thread'
  C:/Ruby/lib/ruby/1.8/webrick/server.rb:95:in `start'
  C:/Ruby/lib/ruby/1.8/webrick/server.rb:92:in `each'
  C:/Ruby/lib/ruby/1.8/webrick/server.rb:92:in `start'
  C:/Ruby/lib/ruby/1.8/webrick/server.rb:23:in `start'
  C:/Ruby/lib/ruby/1.8/webrick/server.rb:82:in `start'

Rendering rescues/layout (not_found)
  [4;36;1mGender Load (1.0ms)[0m   [0;1mSELECT * FROM "genders" [0m
  [4;35;1mCACHE (0.0ms)[0m   [0mSELECT * FROM "genders" [0m
  [4;36;1mCACHE (0.0ms)[0m   [0;1mSELECT * FROM "genders" [0m


Processing ApplicationController#index (for 127.0.0.1 at 2011-01-29 11:09:38) [GET]

ActionController::RoutingError (No route matches "/index2_files/asw.js" with {:method=>:get}):
  C:/Ruby/lib/ruby/1.8/webrick/httpserver.rb:104:in `service'
  C:/Ruby/lib/ruby/1.8/webrick/httpserver.rb:65:in `run'
  C:/Ruby/lib/ruby/1.8/webrick/server.rb:173:in `start_thread'
  C:/Ruby/lib/ruby/1.8/webrick/server.rb:162:in `start'
  C:/Ruby/lib/ruby/1.8/webrick/server.rb:162:in `start_thread'
  C:/Ruby/lib/ruby/1.8/webrick/server.rb:95:in `start'
  C:/Ruby/lib/ruby/1.8/webrick/server.rb:92:in `each'
  C:/Ruby/lib/ruby/1.8/webrick/server.rb:92:in `start'
  C:/Ruby/lib/ruby/1.8/webrick/server.rb:23:in `start'
  C:/Ruby/lib/ruby/1.8/webrick/server.rb:82:in `start'

Rendering rescues/layout (not_found)
  [4;35;1mGender Load (1.0ms)[0m   [0mSELECT * FROM "genders" [0m
  [4;36;1mCACHE (0.0ms)[0m   [0;1mSELECT * FROM "genders" [0m
  [4;35;1mCACHE (0.0ms)[0m   [0mSELECT * FROM "genders" [0m


Processing ApplicationController#index (for 127.0.0.1 at 2011-01-29 11:09:38) [GET]

ActionController::RoutingError (No route matches "/index2_files/main15.js" with {:method=>:get}):
  C:/Ruby/lib/ruby/1.8/webrick/httpserver.rb:104:in `service'
  C:/Ruby/lib/ruby/1.8/webrick/httpserver.rb:65:in `run'
  C:/Ruby/lib/ruby/1.8/webrick/server.rb:173:in `start_thread'
  C:/Ruby/lib/ruby/1.8/webrick/server.rb:162:in `start'
  C:/Ruby/lib/ruby/1.8/webrick/server.rb:162:in `start_thread'
  C:/Ruby/lib/ruby/1.8/webrick/server.rb:95:in `start'
  C:/Ruby/lib/ruby/1.8/webrick/server.rb:92:in `each'
  C:/Ruby/lib/ruby/1.8/webrick/server.rb:92:in `start'
  C:/Ruby/lib/ruby/1.8/webrick/server.rb:23:in `start'
  C:/Ruby/lib/ruby/1.8/webrick/server.rb:82:in `start'

Rendering rescues/layout (not_found)
  [4;36;1mGender Load (2.0ms)[0m   [0;1mSELECT * FROM "genders" [0m
  [4;35;1mCACHE (0.0ms)[0m   [0mSELECT * FROM "genders" [0m
  [4;36;1mCACHE (0.0ms)[0m   [0;1mSELECT * FROM "genders" [0m


Processing ApplicationController#index (for 127.0.0.1 at 2011-01-29 11:09:39) [GET]

ActionController::RoutingError (No route matches "/index2_files/client_restserver.htm" with {:method=>:get}):
  C:/Ruby/lib/ruby/1.8/webrick/httpserver.rb:104:in `service'
  C:/Ruby/lib/ruby/1.8/webrick/httpserver.rb:65:in `run'
  C:/Ruby/lib/ruby/1.8/webrick/server.rb:173:in `start_thread'
  C:/Ruby/lib/ruby/1.8/webrick/server.rb:162:in `start'
  C:/Ruby/lib/ruby/1.8/webrick/server.rb:162:in `start_thread'
  C:/Ruby/lib/ruby/1.8/webrick/server.rb:95:in `start'
  C:/Ruby/lib/ruby/1.8/webrick/server.rb:92:in `each'
  C:/Ruby/lib/ruby/1.8/webrick/server.rb:92:in `start'
  C:/Ruby/lib/ruby/1.8/webrick/server.rb:23:in `start'
  C:/Ruby/lib/ruby/1.8/webrick/server.rb:82:in `start'

Rendering rescues/layout (not_found)
  [4;35;1mGender Load (1.0ms)[0m   [0mSELECT * FROM "genders" [0m
  [4;36;1mCACHE (0.0ms)[0m   [0;1mSELECT * FROM "genders" [0m
  [4;35;1mCACHE (0.0ms)[0m   [0mSELECT * FROM "genders" [0m


Processing ApplicationController#index (for 127.0.0.1 at 2011-01-29 11:09:39) [GET]

ActionController::RoutingError (No route matches "/index2_files/login_status.htm" with {:method=>:get}):
  C:/Ruby/lib/ruby/1.8/webrick/httpserver.rb:104:in `service'
  C:/Ruby/lib/ruby/1.8/webrick/httpserver.rb:65:in `run'
  C:/Ruby/lib/ruby/1.8/webrick/server.rb:173:in `start_thread'
  C:/Ruby/lib/ruby/1.8/webrick/server.rb:162:in `start'
  C:/Ruby/lib/ruby/1.8/webrick/server.rb:162:in `start_thread'
  C:/Ruby/lib/ruby/1.8/webrick/server.rb:95:in `start'
  C:/Ruby/lib/ruby/1.8/webrick/server.rb:92:in `each'
  C:/Ruby/lib/ruby/1.8/webrick/server.rb:92:in `start'
  C:/Ruby/lib/ruby/1.8/webrick/server.rb:23:in `start'
  C:/Ruby/lib/ruby/1.8/webrick/server.rb:82:in `start'

Rendering rescues/layout (not_found)
  [4;36;1mGender Load (1.0ms)[0m   [0;1mSELECT * FROM "genders" [0m
  [4;35;1mCACHE (0.0ms)[0m   [0mSELECT * FROM "genders" [0m
  [4;36;1mCACHE (0.0ms)[0m   [0;1mSELECT * FROM "genders" [0m


Processing GendersController#men (for 127.0.0.1 at 2011-01-29 11:11:22) [GET]
  Parameters: {"id"=>3}
  [4;35;1mGender Load (1.0ms)[0m   [0mSELECT * FROM "genders" WHERE ("genders"."name" = 'Women') LIMIT 1[0m
  [4;36;1mPlay Load (2.0ms)[0m   [0;1mSELECT * FROM "plays" WHERE ("plays"."classification" = 'Comedy') [0m
  [4;35;1mPlay Load (1.0ms)[0m   [0mSELECT * FROM "plays" WHERE ("plays"."classification" = 'History') [0m
  [4;36;1mPlay Load (1.0ms)[0m   [0;1mSELECT * FROM "plays" WHERE ("plays"."classification" = 'Tragedy') [0m
Rendering template within layouts/application
Rendering genders/show
Cached fragment hit: views/play/_search/gender_men (1.0ms)
Rendered shared/_search (4.0ms)
Rendered shared/_tip_jar (2.0ms)
Completed in 5889ms (View: 116, DB: 6) | 200 OK [http://localhost/men/]
  [4;35;1mGender Load (1.0ms)[0m   [0mSELECT * FROM "genders" [0m
  [4;36;1mCACHE (0.0ms)[0m   [0;1mSELECT * FROM "genders" [0m
  [4;35;1mCACHE (0.0ms)[0m   [0mSELECT * FROM "genders" [0m


Processing GendersController#men (for 127.0.0.1 at 2011-01-29 11:12:15) [GET]
  Parameters: {"id"=>3}
  [4;36;1mGender Load (1.0ms)[0m   [0;1mSELECT * FROM "genders" WHERE ("genders"."name" = 'Women') LIMIT 1[0m
  [4;35;1mPlay Load (2.0ms)[0m   [0mSELECT * FROM "plays" WHERE ("plays"."classification" = 'Comedy') [0m
  [4;36;1mPlay Load (2.0ms)[0m   [0;1mSELECT * FROM "plays" WHERE ("plays"."classification" = 'History') [0m
  [4;35;1mPlay Load (1.0ms)[0m   [0mSELECT * FROM "plays" WHERE ("plays"."classification" = 'Tragedy') [0m
Rendering template within layouts/application
Rendering genders/show
Cached fragment hit: views/play/_search/gender_men (0.0ms)
Rendered shared/_search (0.0ms)
Rendered shared/_tip_jar (1.0ms)
Completed in 33ms (View: 16, DB: 7) | 200 OK [http://localhost/men/]
  [4;36;1mGender Load (1.0ms)[0m   [0;1mSELECT * FROM "genders" [0m
  [4;35;1mCACHE (0.0ms)[0m   [0mSELECT * FROM "genders" [0m
  [4;36;1mCACHE (0.0ms)[0m   [0;1mSELECT * FROM "genders" [0m


Processing GendersController#men (for 127.0.0.1 at 2011-01-29 11:13:02) [GET]
  Parameters: {"id"=>3}
  [4;35;1mGender Load (1.0ms)[0m   [0mSELECT * FROM "genders" WHERE ("genders"."name" = 'Women') LIMIT 1[0m
  [4;36;1mPlay Load (2.0ms)[0m   [0;1mSELECT * FROM "plays" WHERE ("plays"."classification" = 'Comedy') [0m
  [4;35;1mPlay Load (1.0ms)[0m   [0mSELECT * FROM "plays" WHERE ("plays"."classification" = 'History') [0m
  [4;36;1mPlay Load (1.0ms)[0m   [0;1mSELECT * FROM "plays" WHERE ("plays"."classification" = 'Tragedy') [0m
Rendering template within layouts/application
Rendering genders/show
Cached fragment hit: views/play/_search/gender_men (0.0ms)
Rendered shared/_search (1.0ms)
Rendered shared/_tip_jar (2.0ms)
Completed in 31ms (View: 14, DB: 6) | 200 OK [http://localhost/men/]
  [4;35;1mGender Load (1.0ms)[0m   [0mSELECT * FROM "genders" [0m
  [4;36;1mCACHE (0.0ms)[0m   [0;1mSELECT * FROM "genders" [0m
  [4;35;1mCACHE (0.0ms)[0m   [0mSELECT * FROM "genders" [0m


Processing GendersController#men (for 127.0.0.1 at 2011-01-29 11:13:19) [GET]
  Parameters: {"id"=>3}
  [4;36;1mGender Load (1.0ms)[0m   [0;1mSELECT * FROM "genders" WHERE ("genders"."name" = 'Women') LIMIT 1[0m
  [4;35;1mPlay Load (2.0ms)[0m   [0mSELECT * FROM "plays" WHERE ("plays"."classification" = 'Comedy') [0m
  [4;36;1mPlay Load (1.0ms)[0m   [0;1mSELECT * FROM "plays" WHERE ("plays"."classification" = 'History') [0m
  [4;35;1mPlay Load (1.0ms)[0m   [0mSELECT * FROM "plays" WHERE ("plays"."classification" = 'Tragedy') [0m
Rendering template within layouts/application
Rendering genders/show
Cached fragment hit: views/play/_search/gender_men (0.0ms)
Rendered shared/_search (1.0ms)
Rendered shared/_tip_jar (2.0ms)
Completed in 35ms (View: 15, DB: 6) | 200 OK [http://localhost/men/]
  [4;36;1mGender Load (1.0ms)[0m   [0;1mSELECT * FROM "genders" [0m
  [4;35;1mCACHE (0.0ms)[0m   [0mSELECT * FROM "genders" [0m
  [4;36;1mCACHE (0.0ms)[0m   [0;1mSELECT * FROM "genders" [0m


Processing PlaysController#show (for 127.0.0.1 at 2011-01-29 11:13:30) [GET]
  Parameters: {"id"=>"13", "g"=>"3"}
Cached fragment hit: views/play/13/g3/e (0.0ms)
  [4;35;1mPlay Load (0.0ms)[0m   [0mSELECT * FROM "plays" WHERE ("plays"."id" = 13) [0m
  [4;36;1mMonologue Load (16.0ms)[0m   [0;1mSELECT * FROM "monologues" WHERE ((gender_id = 3 OR gender_id = 1) AND play_id = 13) [0m
Rendering template within layouts/application
Rendering plays/show
  [4;35;1mCACHE (0.0ms)[0m   [0mSELECT * FROM "plays" WHERE ("plays"."id" = 13) [0m
  [4;36;1mCACHE (0.0ms)[0m   [0;1mSELECT * FROM "plays" WHERE ("plays"."id" = 13) [0m
  [4;35;1mCACHE (0.0ms)[0m   [0mSELECT * FROM "plays" WHERE ("plays"."id" = 13) [0m
  [4;36;1mCACHE (0.0ms)[0m   [0;1mSELECT * FROM "plays" WHERE ("plays"."id" = 13) [0m
  [4;35;1mCACHE (0.0ms)[0m   [0mSELECT * FROM "plays" WHERE ("plays"."id" = 13) [0m
  [4;36;1mCACHE (0.0ms)[0m   [0;1mSELECT * FROM "plays" WHERE ("plays"."id" = 13) [0m
  [4;35;1mCACHE (0.0ms)[0m   [0mSELECT * FROM "plays" WHERE ("plays"."id" = 13) [0m
  [4;36;1mCACHE (0.0ms)[0m   [0;1mSELECT * FROM "plays" WHERE ("plays"."id" = 13) [0m
  [4;35;1mCACHE (0.0ms)[0m   [0mSELECT * FROM "plays" WHERE ("plays"."id" = 13) [0m
  [4;36;1mCACHE (0.0ms)[0m   [0;1mSELECT * FROM "plays" WHERE ("plays"."id" = 13) [0m
  [4;35;1mCACHE (0.0ms)[0m   [0mSELECT * FROM "plays" WHERE ("plays"."id" = 13) [0m
  [4;36;1mCACHE (0.0ms)[0m   [0;1mSELECT * FROM "plays" WHERE ("plays"."id" = 13) [0m
  [4;35;1mCACHE (0.0ms)[0m   [0mSELECT * FROM "plays" WHERE ("plays"."id" = 13) [0m
  [4;36;1mCACHE (0.0ms)[0m   [0;1mSELECT * FROM "plays" WHERE ("plays"."id" = 13) [0m
  [4;35;1mCACHE (0.0ms)[0m   [0mSELECT * FROM "plays" WHERE ("plays"."id" = 13) [0m
  [4;36;1mCACHE (0.0ms)[0m   [0;1mSELECT * FROM "plays" WHERE ("plays"."id" = 13) [0m
  [4;35;1mCACHE (0.0ms)[0m   [0mSELECT * FROM "plays" WHERE ("plays"."id" = 13) [0m
  [4;36;1mCACHE (0.0ms)[0m   [0;1mSELECT * FROM "plays" WHERE ("plays"."id" = 13) [0m
  [4;35;1mCACHE (0.0ms)[0m   [0mSELECT * FROM "plays" WHERE ("plays"."id" = 13) [0m
  [4;36;1mCACHE (0.0ms)[0m   [0;1mSELECT * FROM "plays" WHERE ("plays"."id" = 13) [0m
  [4;35;1mCACHE (0.0ms)[0m   [0mSELECT * FROM "plays" WHERE ("plays"."id" = 13) [0m
Rendered shared/_monologues (106.0ms)
Rendered shared/_search (112.0ms)
Rendered shared/_tip_jar (0.0ms)
Cached fragment miss: views/play/13/g3/e (23.0ms)
Completed in 219ms (View: 145, DB: 17) | 200 OK [http://localhost/plays/13?g=3]
  [4;36;1mGender Load (1.0ms)[0m   [0;1mSELECT * FROM "genders" [0m
  [4;35;1mCACHE (0.0ms)[0m   [0mSELECT * FROM "genders" [0m
  [4;36;1mCACHE (0.0ms)[0m   [0;1mSELECT * FROM "genders" [0m


Processing ApplicationController#index (for 127.0.0.1 at 2011-01-29 11:21:46) [GET]

ActionController::RoutingError (No route matches "/blah" with {:method=>:get}):
  C:/Ruby/lib/ruby/1.8/webrick/httpserver.rb:104:in `service'
  C:/Ruby/lib/ruby/1.8/webrick/httpserver.rb:65:in `run'
  C:/Ruby/lib/ruby/1.8/webrick/server.rb:173:in `start_thread'
  C:/Ruby/lib/ruby/1.8/webrick/server.rb:162:in `start'
  C:/Ruby/lib/ruby/1.8/webrick/server.rb:162:in `start_thread'
  C:/Ruby/lib/ruby/1.8/webrick/server.rb:95:in `start'
  C:/Ruby/lib/ruby/1.8/webrick/server.rb:92:in `each'
  C:/Ruby/lib/ruby/1.8/webrick/server.rb:92:in `start'
  C:/Ruby/lib/ruby/1.8/webrick/server.rb:23:in `start'
  C:/Ruby/lib/ruby/1.8/webrick/server.rb:82:in `start'

Rendering rescues/layout (not_found)
  [4;35;1mGender Load (1.0ms)[0m   [0mSELECT * FROM "genders" [0m
  [4;36;1mCACHE (0.0ms)[0m   [0;1mSELECT * FROM "genders" [0m
  [4;35;1mCACHE (0.0ms)[0m   [0mSELECT * FROM "genders" [0m


Processing ApplicationController#index (for 127.0.0.1 at 2011-01-29 11:21:54) [GET]

ActionController::RoutingError (No route matches "/parchment.jpg" with {:method=>:get}):
  C:/Ruby/lib/ruby/1.8/webrick/httpserver.rb:104:in `service'
  C:/Ruby/lib/ruby/1.8/webrick/httpserver.rb:65:in `run'
  C:/Ruby/lib/ruby/1.8/webrick/server.rb:173:in `start_thread'
  C:/Ruby/lib/ruby/1.8/webrick/server.rb:162:in `start'
  C:/Ruby/lib/ruby/1.8/webrick/server.rb:162:in `start_thread'
  C:/Ruby/lib/ruby/1.8/webrick/server.rb:95:in `start'
  C:/Ruby/lib/ruby/1.8/webrick/server.rb:92:in `each'
  C:/Ruby/lib/ruby/1.8/webrick/server.rb:92:in `start'
  C:/Ruby/lib/ruby/1.8/webrick/server.rb:23:in `start'
  C:/Ruby/lib/ruby/1.8/webrick/server.rb:82:in `start'

Rendering rescues/layout (not_found)
  [4;36;1mGender Load (0.0ms)[0m   [0;1mSELECT * FROM "genders" [0m
  [4;35;1mCACHE (0.0ms)[0m   [0mSELECT * FROM "genders" [0m
  [4;36;1mCACHE (0.0ms)[0m   [0;1mSELECT * FROM "genders" [0m


Processing ApplicationController#index (for 127.0.0.1 at 2011-01-29 11:22:31) [GET]

ActionController::RoutingError (No route matches "/parchment.jpg" with {:method=>:get}):
  C:/Ruby/lib/ruby/1.8/webrick/httpserver.rb:104:in `service'
  C:/Ruby/lib/ruby/1.8/webrick/httpserver.rb:65:in `run'
  C:/Ruby/lib/ruby/1.8/webrick/server.rb:173:in `start_thread'
  C:/Ruby/lib/ruby/1.8/webrick/server.rb:162:in `start'
  C:/Ruby/lib/ruby/1.8/webrick/server.rb:162:in `start_thread'
  C:/Ruby/lib/ruby/1.8/webrick/server.rb:95:in `start'
  C:/Ruby/lib/ruby/1.8/webrick/server.rb:92:in `each'
  C:/Ruby/lib/ruby/1.8/webrick/server.rb:92:in `start'
  C:/Ruby/lib/ruby/1.8/webrick/server.rb:23:in `start'
  C:/Ruby/lib/ruby/1.8/webrick/server.rb:82:in `start'

Rendering rescues/layout (not_found)
  [4;35;1mGender Load (1.0ms)[0m   [0mSELECT * FROM "genders" [0m
  [4;36;1mCACHE (0.0ms)[0m   [0;1mSELECT * FROM "genders" [0m
  [4;35;1mCACHE (0.0ms)[0m   [0mSELECT * FROM "genders" [0m


Processing ApplicationController#index (for 127.0.0.1 at 2011-01-29 11:23:06) [GET]

ActionController::RoutingError (No route matches "/parchment.jpg" with {:method=>:get}):
  C:/Ruby/lib/ruby/1.8/webrick/httpserver.rb:104:in `service'
  C:/Ruby/lib/ruby/1.8/webrick/httpserver.rb:65:in `run'
  C:/Ruby/lib/ruby/1.8/webrick/server.rb:173:in `start_thread'
  C:/Ruby/lib/ruby/1.8/webrick/server.rb:162:in `start'
  C:/Ruby/lib/ruby/1.8/webrick/server.rb:162:in `start_thread'
  C:/Ruby/lib/ruby/1.8/webrick/server.rb:95:in `start'
  C:/Ruby/lib/ruby/1.8/webrick/server.rb:92:in `each'
  C:/Ruby/lib/ruby/1.8/webrick/server.rb:92:in `start'
  C:/Ruby/lib/ruby/1.8/webrick/server.rb:23:in `start'
  C:/Ruby/lib/ruby/1.8/webrick/server.rb:82:in `start'

Rendering rescues/layout (not_found)
  [4;36;1mGender Load (1.0ms)[0m   [0;1mSELECT * FROM "genders" [0m
  [4;35;1mCACHE (0.0ms)[0m   [0mSELECT * FROM "genders" [0m
  [4;36;1mCACHE (0.0ms)[0m   [0;1mSELECT * FROM "genders" [0m


Processing ApplicationController#index (for 127.0.0.1 at 2011-01-29 11:23:07) [GET]

ActionController::RoutingError (No route matches "/parchment.jpg" with {:method=>:get}):
  C:/Ruby/lib/ruby/1.8/webrick/httpserver.rb:104:in `service'
  C:/Ruby/lib/ruby/1.8/webrick/httpserver.rb:65:in `run'
  C:/Ruby/lib/ruby/1.8/webrick/server.rb:173:in `start_thread'
  C:/Ruby/lib/ruby/1.8/webrick/server.rb:162:in `start'
  C:/Ruby/lib/ruby/1.8/webrick/server.rb:162:in `start_thread'
  C:/Ruby/lib/ruby/1.8/webrick/server.rb:95:in `start'
  C:/Ruby/lib/ruby/1.8/webrick/server.rb:92:in `each'
  C:/Ruby/lib/ruby/1.8/webrick/server.rb:92:in `start'
  C:/Ruby/lib/ruby/1.8/webrick/server.rb:23:in `start'
  C:/Ruby/lib/ruby/1.8/webrick/server.rb:82:in `start'

Rendering rescues/layout (not_found)
  [4;35;1mGender Load (1.0ms)[0m   [0mSELECT * FROM "genders" [0m
  [4;36;1mCACHE (0.0ms)[0m   [0;1mSELECT * FROM "genders" [0m
  [4;35;1mCACHE (0.0ms)[0m   [0mSELECT * FROM "genders" [0m


Processing ApplicationController#index (for 127.0.0.1 at 2011-01-29 11:23:39) [GET]

ActionController::RoutingError (No route matches "/parchment.jpg" with {:method=>:get}):
  C:/Ruby/lib/ruby/1.8/webrick/httpserver.rb:104:in `service'
  C:/Ruby/lib/ruby/1.8/webrick/httpserver.rb:65:in `run'
  C:/Ruby/lib/ruby/1.8/webrick/server.rb:173:in `start_thread'
  C:/Ruby/lib/ruby/1.8/webrick/server.rb:162:in `start'
  C:/Ruby/lib/ruby/1.8/webrick/server.rb:162:in `start_thread'
  C:/Ruby/lib/ruby/1.8/webrick/server.rb:95:in `start'
  C:/Ruby/lib/ruby/1.8/webrick/server.rb:92:in `each'
  C:/Ruby/lib/ruby/1.8/webrick/server.rb:92:in `start'
  C:/Ruby/lib/ruby/1.8/webrick/server.rb:23:in `start'
  C:/Ruby/lib/ruby/1.8/webrick/server.rb:82:in `start'

Rendering rescues/layout (not_found)
  [4;36;1mGender Load (1.0ms)[0m   [0;1mSELECT * FROM "genders" [0m
  [4;35;1mCACHE (0.0ms)[0m   [0mSELECT * FROM "genders" [0m
  [4;36;1mCACHE (0.0ms)[0m   [0;1mSELECT * FROM "genders" [0m


Processing ApplicationController#index (for 127.0.0.1 at 2011-01-29 11:23:42) [GET]

ActionController::RoutingError (No route matches "/parchment.jpg" with {:method=>:get}):
  C:/Ruby/lib/ruby/1.8/webrick/httpserver.rb:104:in `service'
  C:/Ruby/lib/ruby/1.8/webrick/httpserver.rb:65:in `run'
  C:/Ruby/lib/ruby/1.8/webrick/server.rb:173:in `start_thread'
  C:/Ruby/lib/ruby/1.8/webrick/server.rb:162:in `start'
  C:/Ruby/lib/ruby/1.8/webrick/server.rb:162:in `start_thread'
  C:/Ruby/lib/ruby/1.8/webrick/server.rb:95:in `start'
  C:/Ruby/lib/ruby/1.8/webrick/server.rb:92:in `each'
  C:/Ruby/lib/ruby/1.8/webrick/server.rb:92:in `start'
  C:/Ruby/lib/ruby/1.8/webrick/server.rb:23:in `start'
  C:/Ruby/lib/ruby/1.8/webrick/server.rb:82:in `start'

Rendering rescues/layout (not_found)
  [4;35;1mGender Load (1.0ms)[0m   [0mSELECT * FROM "genders" [0m
  [4;36;1mCACHE (0.0ms)[0m   [0;1mSELECT * FROM "genders" [0m
  [4;35;1mCACHE (0.0ms)[0m   [0mSELECT * FROM "genders" [0m


Processing ApplicationController#index (for 127.0.0.1 at 2011-01-29 11:23:47) [GET]

ActionController::RoutingError (No route matches "/parchment.jpg" with {:method=>:get}):
  C:/Ruby/lib/ruby/1.8/webrick/httpserver.rb:104:in `service'
  C:/Ruby/lib/ruby/1.8/webrick/httpserver.rb:65:in `run'
  C:/Ruby/lib/ruby/1.8/webrick/server.rb:173:in `start_thread'
  C:/Ruby/lib/ruby/1.8/webrick/server.rb:162:in `start'
  C:/Ruby/lib/ruby/1.8/webrick/server.rb:162:in `start_thread'
  C:/Ruby/lib/ruby/1.8/webrick/server.rb:95:in `start'
  C:/Ruby/lib/ruby/1.8/webrick/server.rb:92:in `each'
  C:/Ruby/lib/ruby/1.8/webrick/server.rb:92:in `start'
  C:/Ruby/lib/ruby/1.8/webrick/server.rb:23:in `start'
  C:/Ruby/lib/ruby/1.8/webrick/server.rb:82:in `start'

Rendering rescues/layout (not_found)
  [4;36;1mGender Load (1.0ms)[0m   [0;1mSELECT * FROM "genders" [0m
  [4;35;1mCACHE (0.0ms)[0m   [0mSELECT * FROM "genders" [0m
  [4;36;1mCACHE (0.0ms)[0m   [0;1mSELECT * FROM "genders" [0m


Processing ApplicationController#index (for 127.0.0.1 at 2011-01-29 11:24:30) [GET]

ActionController::RoutingError (No route matches "/parchment.jpg" with {:method=>:get}):
  C:/Ruby/lib/ruby/1.8/webrick/httpserver.rb:104:in `service'
  C:/Ruby/lib/ruby/1.8/webrick/httpserver.rb:65:in `run'
  C:/Ruby/lib/ruby/1.8/webrick/server.rb:173:in `start_thread'
  C:/Ruby/lib/ruby/1.8/webrick/server.rb:162:in `start'
  C:/Ruby/lib/ruby/1.8/webrick/server.rb:162:in `start_thread'
  C:/Ruby/lib/ruby/1.8/webrick/server.rb:95:in `start'
  C:/Ruby/lib/ruby/1.8/webrick/server.rb:92:in `each'
  C:/Ruby/lib/ruby/1.8/webrick/server.rb:92:in `start'
  C:/Ruby/lib/ruby/1.8/webrick/server.rb:23:in `start'
  C:/Ruby/lib/ruby/1.8/webrick/server.rb:82:in `start'

Rendering rescues/layout (not_found)
  [4;35;1mGender Load (1.0ms)[0m   [0mSELECT * FROM "genders" [0m
  [4;36;1mCACHE (0.0ms)[0m   [0;1mSELECT * FROM "genders" [0m
  [4;35;1mCACHE (0.0ms)[0m   [0mSELECT * FROM "genders" [0m


Processing ApplicationController#index (for 127.0.0.1 at 2011-01-29 11:24:56) [GET]

ActionController::RoutingError (No route matches "/parchment.jpg" with {:method=>:get}):
  C:/Ruby/lib/ruby/1.8/webrick/httpserver.rb:104:in `service'
  C:/Ruby/lib/ruby/1.8/webrick/httpserver.rb:65:in `run'
  C:/Ruby/lib/ruby/1.8/webrick/server.rb:173:in `start_thread'
  C:/Ruby/lib/ruby/1.8/webrick/server.rb:162:in `start'
  C:/Ruby/lib/ruby/1.8/webrick/server.rb:162:in `start_thread'
  C:/Ruby/lib/ruby/1.8/webrick/server.rb:95:in `start'
  C:/Ruby/lib/ruby/1.8/webrick/server.rb:92:in `each'
  C:/Ruby/lib/ruby/1.8/webrick/server.rb:92:in `start'
  C:/Ruby/lib/ruby/1.8/webrick/server.rb:23:in `start'
  C:/Ruby/lib/ruby/1.8/webrick/server.rb:82:in `start'

Rendering rescues/layout (not_found)
  [4;36;1mGender Load (1.0ms)[0m   [0;1mSELECT * FROM "genders" [0m
  [4;35;1mCACHE (0.0ms)[0m   [0mSELECT * FROM "genders" [0m
  [4;36;1mCACHE (0.0ms)[0m   [0;1mSELECT * FROM "genders" [0m


Processing ApplicationController#index (for 127.0.0.1 at 2011-01-29 11:25:30) [GET]

ActionController::RoutingError (No route matches "/parchment.jpg" with {:method=>:get}):
  C:/Ruby/lib/ruby/1.8/webrick/httpserver.rb:104:in `service'
  C:/Ruby/lib/ruby/1.8/webrick/httpserver.rb:65:in `run'
  C:/Ruby/lib/ruby/1.8/webrick/server.rb:173:in `start_thread'
  C:/Ruby/lib/ruby/1.8/webrick/server.rb:162:in `start'
  C:/Ruby/lib/ruby/1.8/webrick/server.rb:162:in `start_thread'
  C:/Ruby/lib/ruby/1.8/webrick/server.rb:95:in `start'
  C:/Ruby/lib/ruby/1.8/webrick/server.rb:92:in `each'
  C:/Ruby/lib/ruby/1.8/webrick/server.rb:92:in `start'
  C:/Ruby/lib/ruby/1.8/webrick/server.rb:23:in `start'
  C:/Ruby/lib/ruby/1.8/webrick/server.rb:82:in `start'

Rendering rescues/layout (not_found)
  [4;35;1mGender Load (1.0ms)[0m   [0mSELECT * FROM "genders" [0m
  [4;36;1mCACHE (0.0ms)[0m   [0;1mSELECT * FROM "genders" [0m
  [4;35;1mCACHE (0.0ms)[0m   [0mSELECT * FROM "genders" [0m


Processing ApplicationController#index (for 127.0.0.1 at 2011-01-29 11:26:09) [GET]

ActionController::RoutingError (No route matches "/parchment.jpg" with {:method=>:get}):
  C:/Ruby/lib/ruby/1.8/webrick/httpserver.rb:104:in `service'
  C:/Ruby/lib/ruby/1.8/webrick/httpserver.rb:65:in `run'
  C:/Ruby/lib/ruby/1.8/webrick/server.rb:173:in `start_thread'
  C:/Ruby/lib/ruby/1.8/webrick/server.rb:162:in `start'
  C:/Ruby/lib/ruby/1.8/webrick/server.rb:162:in `start_thread'
  C:/Ruby/lib/ruby/1.8/webrick/server.rb:95:in `start'
  C:/Ruby/lib/ruby/1.8/webrick/server.rb:92:in `each'
  C:/Ruby/lib/ruby/1.8/webrick/server.rb:92:in `start'
  C:/Ruby/lib/ruby/1.8/webrick/server.rb:23:in `start'
  C:/Ruby/lib/ruby/1.8/webrick/server.rb:82:in `start'

Rendering rescues/layout (not_found)
  [4;36;1mGender Load (1.0ms)[0m   [0;1mSELECT * FROM "genders" [0m
  [4;35;1mCACHE (0.0ms)[0m   [0mSELECT * FROM "genders" [0m
  [4;36;1mCACHE (0.0ms)[0m   [0;1mSELECT * FROM "genders" [0m


Processing ApplicationController#index (for 127.0.0.1 at 2011-01-29 11:26:27) [GET]

ActionController::RoutingError (No route matches "/parchment.jpg" with {:method=>:get}):
  C:/Ruby/lib/ruby/1.8/webrick/httpserver.rb:104:in `service'
  C:/Ruby/lib/ruby/1.8/webrick/httpserver.rb:65:in `run'
  C:/Ruby/lib/ruby/1.8/webrick/server.rb:173:in `start_thread'
  C:/Ruby/lib/ruby/1.8/webrick/server.rb:162:in `start'
  C:/Ruby/lib/ruby/1.8/webrick/server.rb:162:in `start_thread'
  C:/Ruby/lib/ruby/1.8/webrick/server.rb:95:in `start'
  C:/Ruby/lib/ruby/1.8/webrick/server.rb:92:in `each'
  C:/Ruby/lib/ruby/1.8/webrick/server.rb:92:in `start'
  C:/Ruby/lib/ruby/1.8/webrick/server.rb:23:in `start'
  C:/Ruby/lib/ruby/1.8/webrick/server.rb:82:in `start'

Rendering rescues/layout (not_found)
  [4;35;1mGender Load (1.0ms)[0m   [0mSELECT * FROM "genders" [0m
  [4;36;1mCACHE (0.0ms)[0m   [0;1mSELECT * FROM "genders" [0m
  [4;35;1mCACHE (0.0ms)[0m   [0mSELECT * FROM "genders" [0m


Processing ApplicationController#index (for 127.0.0.1 at 2011-01-29 11:26:49) [GET]

ActionController::RoutingError (No route matches "/parchment.jpg" with {:method=>:get}):
  C:/Ruby/lib/ruby/1.8/webrick/httpserver.rb:104:in `service'
  C:/Ruby/lib/ruby/1.8/webrick/httpserver.rb:65:in `run'
  C:/Ruby/lib/ruby/1.8/webrick/server.rb:173:in `start_thread'
  C:/Ruby/lib/ruby/1.8/webrick/server.rb:162:in `start'
  C:/Ruby/lib/ruby/1.8/webrick/server.rb:162:in `start_thread'
  C:/Ruby/lib/ruby/1.8/webrick/server.rb:95:in `start'
  C:/Ruby/lib/ruby/1.8/webrick/server.rb:92:in `each'
  C:/Ruby/lib/ruby/1.8/webrick/server.rb:92:in `start'
  C:/Ruby/lib/ruby/1.8/webrick/server.rb:23:in `start'
  C:/Ruby/lib/ruby/1.8/webrick/server.rb:82:in `start'

Rendering rescues/layout (not_found)
  [4;36;1mGender Load (1.0ms)[0m   [0;1mSELECT * FROM "genders" [0m
  [4;35;1mCACHE (0.0ms)[0m   [0mSELECT * FROM "genders" [0m
  [4;36;1mCACHE (0.0ms)[0m   [0;1mSELECT * FROM "genders" [0m


Processing ApplicationController#index (for 127.0.0.1 at 2011-01-29 11:27:05) [GET]

ActionController::RoutingError (No route matches "/parchment.jpg" with {:method=>:get}):
  C:/Ruby/lib/ruby/1.8/webrick/httpserver.rb:104:in `service'
  C:/Ruby/lib/ruby/1.8/webrick/httpserver.rb:65:in `run'
  C:/Ruby/lib/ruby/1.8/webrick/server.rb:173:in `start_thread'
  C:/Ruby/lib/ruby/1.8/webrick/server.rb:162:in `start'
  C:/Ruby/lib/ruby/1.8/webrick/server.rb:162:in `start_thread'
  C:/Ruby/lib/ruby/1.8/webrick/server.rb:95:in `start'
  C:/Ruby/lib/ruby/1.8/webrick/server.rb:92:in `each'
  C:/Ruby/lib/ruby/1.8/webrick/server.rb:92:in `start'
  C:/Ruby/lib/ruby/1.8/webrick/server.rb:23:in `start'
  C:/Ruby/lib/ruby/1.8/webrick/server.rb:82:in `start'

Rendering rescues/layout (not_found)
  [4;35;1mGender Load (1.0ms)[0m   [0mSELECT * FROM "genders" [0m
  [4;36;1mCACHE (0.0ms)[0m   [0;1mSELECT * FROM "genders" [0m
  [4;35;1mCACHE (0.0ms)[0m   [0mSELECT * FROM "genders" [0m


Processing ApplicationController#index (for 127.0.0.1 at 2011-01-29 11:35:36) [GET]

ActionController::RoutingError (No route matches "/parchment.jpg" with {:method=>:get}):
  C:/Ruby/lib/ruby/1.8/webrick/httpserver.rb:104:in `service'
  C:/Ruby/lib/ruby/1.8/webrick/httpserver.rb:65:in `run'
  C:/Ruby/lib/ruby/1.8/webrick/server.rb:173:in `start_thread'
  C:/Ruby/lib/ruby/1.8/webrick/server.rb:162:in `start'
  C:/Ruby/lib/ruby/1.8/webrick/server.rb:162:in `start_thread'
  C:/Ruby/lib/ruby/1.8/webrick/server.rb:95:in `start'
  C:/Ruby/lib/ruby/1.8/webrick/server.rb:92:in `each'
  C:/Ruby/lib/ruby/1.8/webrick/server.rb:92:in `start'
  C:/Ruby/lib/ruby/1.8/webrick/server.rb:23:in `start'
  C:/Ruby/lib/ruby/1.8/webrick/server.rb:82:in `start'

Rendering rescues/layout (not_found)
  [4;36;1mGender Load (1.0ms)[0m   [0;1mSELECT * FROM "genders" [0m
  [4;35;1mCACHE (0.0ms)[0m   [0mSELECT * FROM "genders" [0m
  [4;36;1mCACHE (0.0ms)[0m   [0;1mSELECT * FROM "genders" [0m


Processing ApplicationController#index (for 127.0.0.1 at 2011-01-29 11:36:00) [GET]

ActionController::RoutingError (No route matches "/parchment.jpg" with {:method=>:get}):
  C:/Ruby/lib/ruby/1.8/webrick/httpserver.rb:104:in `service'
  C:/Ruby/lib/ruby/1.8/webrick/httpserver.rb:65:in `run'
  C:/Ruby/lib/ruby/1.8/webrick/server.rb:173:in `start_thread'
  C:/Ruby/lib/ruby/1.8/webrick/server.rb:162:in `start'
  C:/Ruby/lib/ruby/1.8/webrick/server.rb:162:in `start_thread'
  C:/Ruby/lib/ruby/1.8/webrick/server.rb:95:in `start'
  C:/Ruby/lib/ruby/1.8/webrick/server.rb:92:in `each'
  C:/Ruby/lib/ruby/1.8/webrick/server.rb:92:in `start'
  C:/Ruby/lib/ruby/1.8/webrick/server.rb:23:in `start'
  C:/Ruby/lib/ruby/1.8/webrick/server.rb:82:in `start'

Rendering rescues/layout (not_found)
  [4;35;1mGender Load (0.0ms)[0m   [0mSELECT * FROM "genders" [0m
  [4;36;1mCACHE (0.0ms)[0m   [0;1mSELECT * FROM "genders" [0m
  [4;35;1mCACHE (0.0ms)[0m   [0mSELECT * FROM "genders" [0m


Processing ApplicationController#index (for 127.0.0.1 at 2011-01-29 11:36:13) [GET]

ActionController::RoutingError (No route matches "/parchment.jpg" with {:method=>:get}):
  C:/Ruby/lib/ruby/1.8/webrick/httpserver.rb:104:in `service'
  C:/Ruby/lib/ruby/1.8/webrick/httpserver.rb:65:in `run'
  C:/Ruby/lib/ruby/1.8/webrick/server.rb:173:in `start_thread'
  C:/Ruby/lib/ruby/1.8/webrick/server.rb:162:in `start'
  C:/Ruby/lib/ruby/1.8/webrick/server.rb:162:in `start_thread'
  C:/Ruby/lib/ruby/1.8/webrick/server.rb:95:in `start'
  C:/Ruby/lib/ruby/1.8/webrick/server.rb:92:in `each'
  C:/Ruby/lib/ruby/1.8/webrick/server.rb:92:in `start'
  C:/Ruby/lib/ruby/1.8/webrick/server.rb:23:in `start'
  C:/Ruby/lib/ruby/1.8/webrick/server.rb:82:in `start'

Rendering rescues/layout (not_found)
  [4;36;1mGender Load (1.0ms)[0m   [0;1mSELECT * FROM "genders" [0m
  [4;35;1mCACHE (0.0ms)[0m   [0mSELECT * FROM "genders" [0m
  [4;36;1mCACHE (0.0ms)[0m   [0;1mSELECT * FROM "genders" [0m


Processing ApplicationController#index (for 127.0.0.1 at 2011-01-29 11:36:19) [GET]

ActionController::RoutingError (No route matches "/parchment.jpg" with {:method=>:get}):
  C:/Ruby/lib/ruby/1.8/webrick/httpserver.rb:104:in `service'
  C:/Ruby/lib/ruby/1.8/webrick/httpserver.rb:65:in `run'
  C:/Ruby/lib/ruby/1.8/webrick/server.rb:173:in `start_thread'
  C:/Ruby/lib/ruby/1.8/webrick/server.rb:162:in `start'
  C:/Ruby/lib/ruby/1.8/webrick/server.rb:162:in `start_thread'
  C:/Ruby/lib/ruby/1.8/webrick/server.rb:95:in `start'
  C:/Ruby/lib/ruby/1.8/webrick/server.rb:92:in `each'
  C:/Ruby/lib/ruby/1.8/webrick/server.rb:92:in `start'
  C:/Ruby/lib/ruby/1.8/webrick/server.rb:23:in `start'
  C:/Ruby/lib/ruby/1.8/webrick/server.rb:82:in `start'

Rendering rescues/layout (not_found)
  [4;35;1mGender Load (1.0ms)[0m   [0mSELECT * FROM "genders" [0m
  [4;36;1mCACHE (0.0ms)[0m   [0;1mSELECT * FROM "genders" [0m
  [4;35;1mCACHE (0.0ms)[0m   [0mSELECT * FROM "genders" [0m


Processing ApplicationController#index (for 127.0.0.1 at 2011-01-29 11:36:51) [GET]

ActionController::RoutingError (No route matches "/parchment.jpg" with {:method=>:get}):
  C:/Ruby/lib/ruby/1.8/webrick/httpserver.rb:104:in `service'
  C:/Ruby/lib/ruby/1.8/webrick/httpserver.rb:65:in `run'
  C:/Ruby/lib/ruby/1.8/webrick/server.rb:173:in `start_thread'
  C:/Ruby/lib/ruby/1.8/webrick/server.rb:162:in `start'
  C:/Ruby/lib/ruby/1.8/webrick/server.rb:162:in `start_thread'
  C:/Ruby/lib/ruby/1.8/webrick/server.rb:95:in `start'
  C:/Ruby/lib/ruby/1.8/webrick/server.rb:92:in `each'
  C:/Ruby/lib/ruby/1.8/webrick/server.rb:92:in `start'
  C:/Ruby/lib/ruby/1.8/webrick/server.rb:23:in `start'
  C:/Ruby/lib/ruby/1.8/webrick/server.rb:82:in `start'

Rendering rescues/layout (not_found)
  [4;36;1mGender Load (1.0ms)[0m   [0;1mSELECT * FROM "genders" [0m
  [4;35;1mCACHE (0.0ms)[0m   [0mSELECT * FROM "genders" [0m
  [4;36;1mCACHE (0.0ms)[0m   [0;1mSELECT * FROM "genders" [0m


Processing ApplicationController#index (for 127.0.0.1 at 2011-01-29 11:36:52) [GET]

ActionController::RoutingError (No route matches "/parchment.jpg" with {:method=>:get}):
  C:/Ruby/lib/ruby/1.8/webrick/httpserver.rb:104:in `service'
  C:/Ruby/lib/ruby/1.8/webrick/httpserver.rb:65:in `run'
  C:/Ruby/lib/ruby/1.8/webrick/server.rb:173:in `start_thread'
  C:/Ruby/lib/ruby/1.8/webrick/server.rb:162:in `start'
  C:/Ruby/lib/ruby/1.8/webrick/server.rb:162:in `start_thread'
  C:/Ruby/lib/ruby/1.8/webrick/server.rb:95:in `start'
  C:/Ruby/lib/ruby/1.8/webrick/server.rb:92:in `each'
  C:/Ruby/lib/ruby/1.8/webrick/server.rb:92:in `start'
  C:/Ruby/lib/ruby/1.8/webrick/server.rb:23:in `start'
  C:/Ruby/lib/ruby/1.8/webrick/server.rb:82:in `start'

Rendering rescues/layout (not_found)
  [4;35;1mGender Load (1.0ms)[0m   [0mSELECT * FROM "genders" [0m
  [4;36;1mCACHE (0.0ms)[0m   [0;1mSELECT * FROM "genders" [0m
  [4;35;1mCACHE (0.0ms)[0m   [0mSELECT * FROM "genders" [0m


Processing ApplicationController#index (for 127.0.0.1 at 2011-01-29 11:41:36) [GET]

ActionController::RoutingError (No route matches "/index2_files/main15.js" with {:method=>:get}):
  C:/Ruby/lib/ruby/1.8/webrick/httpserver.rb:104:in `service'
  C:/Ruby/lib/ruby/1.8/webrick/httpserver.rb:65:in `run'
  C:/Ruby/lib/ruby/1.8/webrick/server.rb:173:in `start_thread'
  C:/Ruby/lib/ruby/1.8/webrick/server.rb:162:in `start'
  C:/Ruby/lib/ruby/1.8/webrick/server.rb:162:in `start_thread'
  C:/Ruby/lib/ruby/1.8/webrick/server.rb:95:in `start'
  C:/Ruby/lib/ruby/1.8/webrick/server.rb:92:in `each'
  C:/Ruby/lib/ruby/1.8/webrick/server.rb:92:in `start'
  C:/Ruby/lib/ruby/1.8/webrick/server.rb:23:in `start'
  C:/Ruby/lib/ruby/1.8/webrick/server.rb:82:in `start'

Rendering rescues/layout (not_found)
  [4;36;1mGender Load (1.0ms)[0m   [0;1mSELECT * FROM "genders" [0m
  [4;35;1mCACHE (0.0ms)[0m   [0mSELECT * FROM "genders" [0m
  [4;36;1mCACHE (0.0ms)[0m   [0;1mSELECT * FROM "genders" [0m


Processing ApplicationController#index (for 127.0.0.1 at 2011-01-29 11:41:36) [GET]

ActionController::RoutingError (No route matches "/index2_files/addthis_widget.js" with {:method=>:get}):
  C:/Ruby/lib/ruby/1.8/webrick/httpserver.rb:104:in `service'
  C:/Ruby/lib/ruby/1.8/webrick/httpserver.rb:65:in `run'
  C:/Ruby/lib/ruby/1.8/webrick/server.rb:173:in `start_thread'
  C:/Ruby/lib/ruby/1.8/webrick/server.rb:162:in `start'
  C:/Ruby/lib/ruby/1.8/webrick/server.rb:162:in `start_thread'
  C:/Ruby/lib/ruby/1.8/webrick/server.rb:95:in `start'
  C:/Ruby/lib/ruby/1.8/webrick/server.rb:92:in `each'
  C:/Ruby/lib/ruby/1.8/webrick/server.rb:92:in `start'
  C:/Ruby/lib/ruby/1.8/webrick/server.rb:23:in `start'
  C:/Ruby/lib/ruby/1.8/webrick/server.rb:82:in `start'

Rendering rescues/layout (not_found)
  [4;35;1mGender Load (2.0ms)[0m   [0mSELECT * FROM "genders" [0m
  [4;36;1mCACHE (0.0ms)[0m   [0;1mSELECT * FROM "genders" [0m
  [4;35;1mCACHE (0.0ms)[0m   [0mSELECT * FROM "genders" [0m


Processing ApplicationController#index (for 127.0.0.1 at 2011-01-29 11:41:36) [GET]

ActionController::RoutingError (No route matches "/index2_files/show_ads.js" with {:method=>:get}):
  C:/Ruby/lib/ruby/1.8/webrick/httpserver.rb:104:in `service'
  C:/Ruby/lib/ruby/1.8/webrick/httpserver.rb:65:in `run'
  C:/Ruby/lib/ruby/1.8/webrick/server.rb:173:in `start_thread'
  C:/Ruby/lib/ruby/1.8/webrick/server.rb:162:in `start'
  C:/Ruby/lib/ruby/1.8/webrick/server.rb:162:in `start_thread'
  C:/Ruby/lib/ruby/1.8/webrick/server.rb:95:in `start'
  C:/Ruby/lib/ruby/1.8/webrick/server.rb:92:in `each'
  C:/Ruby/lib/ruby/1.8/webrick/server.rb:92:in `start'
  C:/Ruby/lib/ruby/1.8/webrick/server.rb:23:in `start'
  C:/Ruby/lib/ruby/1.8/webrick/server.rb:82:in `start'

Rendering rescues/layout (not_found)
  [4;36;1mGender Load (2.0ms)[0m   [0;1mSELECT * FROM "genders" [0m
  [4;35;1mCACHE (0.0ms)[0m   [0mSELECT * FROM "genders" [0m
  [4;36;1mCACHE (0.0ms)[0m   [0;1mSELECT * FROM "genders" [0m


Processing ApplicationController#index (for 127.0.0.1 at 2011-01-29 11:41:36) [GET]

ActionController::RoutingError (No route matches "/index2_files/asw.js" with {:method=>:get}):
  C:/Ruby/lib/ruby/1.8/webrick/httpserver.rb:104:in `service'
  C:/Ruby/lib/ruby/1.8/webrick/httpserver.rb:65:in `run'
  C:/Ruby/lib/ruby/1.8/webrick/server.rb:173:in `start_thread'
  C:/Ruby/lib/ruby/1.8/webrick/server.rb:162:in `start'
  C:/Ruby/lib/ruby/1.8/webrick/server.rb:162:in `start_thread'
  C:/Ruby/lib/ruby/1.8/webrick/server.rb:95:in `start'
  C:/Ruby/lib/ruby/1.8/webrick/server.rb:92:in `each'
  C:/Ruby/lib/ruby/1.8/webrick/server.rb:92:in `start'
  C:/Ruby/lib/ruby/1.8/webrick/server.rb:23:in `start'
  C:/Ruby/lib/ruby/1.8/webrick/server.rb:82:in `start'

Rendering rescues/layout (not_found)
  [4;35;1mGender Load (2.0ms)[0m   [0mSELECT * FROM "genders" [0m
  [4;36;1mCACHE (0.0ms)[0m   [0;1mSELECT * FROM "genders" [0m
  [4;35;1mCACHE (0.0ms)[0m   [0mSELECT * FROM "genders" [0m


Processing ApplicationController#index (for 127.0.0.1 at 2011-01-29 11:41:36) [GET]

ActionController::RoutingError (No route matches "/index2_files/client_restserver.htm" with {:method=>:get}):
  C:/Ruby/lib/ruby/1.8/webrick/httpserver.rb:104:in `service'
  C:/Ruby/lib/ruby/1.8/webrick/httpserver.rb:65:in `run'
  C:/Ruby/lib/ruby/1.8/webrick/server.rb:173:in `start_thread'
  C:/Ruby/lib/ruby/1.8/webrick/server.rb:162:in `start'
  C:/Ruby/lib/ruby/1.8/webrick/server.rb:162:in `start_thread'
  C:/Ruby/lib/ruby/1.8/webrick/server.rb:95:in `start'
  C:/Ruby/lib/ruby/1.8/webrick/server.rb:92:in `each'
  C:/Ruby/lib/ruby/1.8/webrick/server.rb:92:in `start'
  C:/Ruby/lib/ruby/1.8/webrick/server.rb:23:in `start'
  C:/Ruby/lib/ruby/1.8/webrick/server.rb:82:in `start'

Rendering rescues/layout (not_found)
  [4;36;1mGender Load (1.0ms)[0m   [0;1mSELECT * FROM "genders" [0m
  [4;35;1mCACHE (0.0ms)[0m   [0mSELECT * FROM "genders" [0m
  [4;36;1mCACHE (0.0ms)[0m   [0;1mSELECT * FROM "genders" [0m


Processing ApplicationController#index (for 127.0.0.1 at 2011-01-29 11:41:36) [GET]

ActionController::RoutingError (No route matches "/index2_files/login_status.htm" with {:method=>:get}):
  C:/Ruby/lib/ruby/1.8/webrick/httpserver.rb:104:in `service'
  C:/Ruby/lib/ruby/1.8/webrick/httpserver.rb:65:in `run'
  C:/Ruby/lib/ruby/1.8/webrick/server.rb:173:in `start_thread'
  C:/Ruby/lib/ruby/1.8/webrick/server.rb:162:in `start'
  C:/Ruby/lib/ruby/1.8/webrick/server.rb:162:in `start_thread'
  C:/Ruby/lib/ruby/1.8/webrick/server.rb:95:in `start'
  C:/Ruby/lib/ruby/1.8/webrick/server.rb:92:in `each'
  C:/Ruby/lib/ruby/1.8/webrick/server.rb:92:in `start'
  C:/Ruby/lib/ruby/1.8/webrick/server.rb:23:in `start'
  C:/Ruby/lib/ruby/1.8/webrick/server.rb:82:in `start'

Rendering rescues/layout (not_found)
  [4;35;1mGender Load (1.0ms)[0m   [0mSELECT * FROM "genders" [0m
  [4;36;1mCACHE (0.0ms)[0m   [0;1mSELECT * FROM "genders" [0m
  [4;35;1mCACHE (0.0ms)[0m   [0mSELECT * FROM "genders" [0m


Processing GendersController#women (for 127.0.0.1 at 2011-01-29 11:41:45) [GET]
  Parameters: {"id"=>2}
  [4;36;1mGender Load (1.0ms)[0m   [0;1mSELECT * FROM "genders" WHERE ("genders"."name" = 'Men') LIMIT 1[0m
  [4;35;1mPlay Load (2.0ms)[0m   [0mSELECT * FROM "plays" WHERE ("plays"."classification" = 'Comedy') [0m
  [4;36;1mPlay Load (2.0ms)[0m   [0;1mSELECT * FROM "plays" WHERE ("plays"."classification" = 'History') [0m
  [4;35;1mPlay Load (1.0ms)[0m   [0mSELECT * FROM "plays" WHERE ("plays"."classification" = 'Tragedy') [0m
Rendering template within layouts/application
Rendering genders/show
Cached fragment hit: views/play/_search/gender_women (0.0ms)
Rendered shared/_search (1.0ms)
Rendered shared/_tip_jar (0.0ms)
Completed in 39ms (View: 20, DB: 7) | 200 OK [http://localhost/women/]
  [4;36;1mGender Load (1.0ms)[0m   [0;1mSELECT * FROM "genders" [0m
  [4;35;1mCACHE (0.0ms)[0m   [0mSELECT * FROM "genders" [0m
  [4;36;1mCACHE (0.0ms)[0m   [0;1mSELECT * FROM "genders" [0m


Processing ApplicationController#index (for 127.0.0.1 at 2011-01-29 11:41:45) [GET]

ActionController::RoutingError (No route matches "/women/images/chrome_logo.gif" with {:method=>:get}):
  C:/Ruby/lib/ruby/1.8/webrick/httpserver.rb:104:in `service'
  C:/Ruby/lib/ruby/1.8/webrick/httpserver.rb:65:in `run'
  C:/Ruby/lib/ruby/1.8/webrick/server.rb:173:in `start_thread'
  C:/Ruby/lib/ruby/1.8/webrick/server.rb:162:in `start'
  C:/Ruby/lib/ruby/1.8/webrick/server.rb:162:in `start_thread'
  C:/Ruby/lib/ruby/1.8/webrick/server.rb:95:in `start'
  C:/Ruby/lib/ruby/1.8/webrick/server.rb:92:in `each'
  C:/Ruby/lib/ruby/1.8/webrick/server.rb:92:in `start'
  C:/Ruby/lib/ruby/1.8/webrick/server.rb:23:in `start'
  C:/Ruby/lib/ruby/1.8/webrick/server.rb:82:in `start'

Rendering rescues/layout (not_found)
  [4;35;1mGender Load (1.0ms)[0m   [0mSELECT * FROM "genders" [0m
  [4;36;1mCACHE (0.0ms)[0m   [0;1mSELECT * FROM "genders" [0m
  [4;35;1mCACHE (0.0ms)[0m   [0mSELECT * FROM "genders" [0m


Processing GendersController#women (for 127.0.0.1 at 2011-01-29 11:42:27) [GET]
  Parameters: {"id"=>2}
  [4;36;1mGender Load (0.0ms)[0m   [0;1mSELECT * FROM "genders" WHERE ("genders"."name" = 'Men') LIMIT 1[0m
  [4;35;1mPlay Load (2.0ms)[0m   [0mSELECT * FROM "plays" WHERE ("plays"."classification" = 'Comedy') [0m
  [4;36;1mPlay Load (1.0ms)[0m   [0;1mSELECT * FROM "plays" WHERE ("plays"."classification" = 'History') [0m
  [4;35;1mPlay Load (1.0ms)[0m   [0mSELECT * FROM "plays" WHERE ("plays"."classification" = 'Tragedy') [0m
Rendering template within layouts/application
Rendering genders/show
Cached fragment hit: views/play/_search/gender_women (0.0ms)
Rendered shared/_search (1.0ms)
Rendered shared/_tip_jar (0.0ms)
Completed in 86ms (View: 69, DB: 5) | 200 OK [http://localhost/women/]
  [4;36;1mGender Load (2.0ms)[0m   [0;1mSELECT * FROM "genders" [0m
  [4;35;1mCACHE (0.0ms)[0m   [0mSELECT * FROM "genders" [0m
  [4;36;1mCACHE (0.0ms)[0m   [0;1mSELECT * FROM "genders" [0m


Processing ApplicationController#index (for 127.0.0.1 at 2011-01-29 11:42:27) [GET]

ActionController::RoutingError (No route matches "/pulic/images/chrome_logo.gif" with {:method=>:get}):
  C:/Ruby/lib/ruby/1.8/webrick/httpserver.rb:104:in `service'
  C:/Ruby/lib/ruby/1.8/webrick/httpserver.rb:65:in `run'
  C:/Ruby/lib/ruby/1.8/webrick/server.rb:173:in `start_thread'
  C:/Ruby/lib/ruby/1.8/webrick/server.rb:162:in `start'
  C:/Ruby/lib/ruby/1.8/webrick/server.rb:162:in `start_thread'
  C:/Ruby/lib/ruby/1.8/webrick/server.rb:95:in `start'
  C:/Ruby/lib/ruby/1.8/webrick/server.rb:92:in `each'
  C:/Ruby/lib/ruby/1.8/webrick/server.rb:92:in `start'
  C:/Ruby/lib/ruby/1.8/webrick/server.rb:23:in `start'
  C:/Ruby/lib/ruby/1.8/webrick/server.rb:82:in `start'

Rendering rescues/layout (not_found)
  [4;35;1mGender Load (1.0ms)[0m   [0mSELECT * FROM "genders" [0m
  [4;36;1mCACHE (0.0ms)[0m   [0;1mSELECT * FROM "genders" [0m
  [4;35;1mCACHE (0.0ms)[0m   [0mSELECT * FROM "genders" [0m


Processing GendersController#women (for 127.0.0.1 at 2011-01-29 11:42:43) [GET]
  Parameters: {"id"=>2}
  [4;36;1mGender Load (0.0ms)[0m   [0;1mSELECT * FROM "genders" WHERE ("genders"."name" = 'Men') LIMIT 1[0m
  [4;35;1mPlay Load (2.0ms)[0m   [0mSELECT * FROM "plays" WHERE ("plays"."classification" = 'Comedy') [0m
  [4;36;1mPlay Load (1.0ms)[0m   [0;1mSELECT * FROM "plays" WHERE ("plays"."classification" = 'History') [0m
  [4;35;1mPlay Load (1.0ms)[0m   [0mSELECT * FROM "plays" WHERE ("plays"."classification" = 'Tragedy') [0m
Rendering template within layouts/application
Rendering genders/show
Cached fragment hit: views/play/_search/gender_women (0.0ms)
Rendered shared/_search (1.0ms)
Rendered shared/_tip_jar (0.0ms)
Completed in 40ms (View: 21, DB: 5) | 200 OK [http://localhost/women/]
  [4;36;1mGender Load (1.0ms)[0m   [0;1mSELECT * FROM "genders" [0m
  [4;35;1mCACHE (0.0ms)[0m   [0mSELECT * FROM "genders" [0m
  [4;36;1mCACHE (0.0ms)[0m   [0;1mSELECT * FROM "genders" [0m


Processing ApplicationController#index (for 127.0.0.1 at 2011-01-29 11:42:44) [GET]

ActionController::RoutingError (No route matches "/pulic/images/chrome_logo.gif" with {:method=>:get}):
  C:/Ruby/lib/ruby/1.8/webrick/httpserver.rb:104:in `service'
  C:/Ruby/lib/ruby/1.8/webrick/httpserver.rb:65:in `run'
  C:/Ruby/lib/ruby/1.8/webrick/server.rb:173:in `start_thread'
  C:/Ruby/lib/ruby/1.8/webrick/server.rb:162:in `start'
  C:/Ruby/lib/ruby/1.8/webrick/server.rb:162:in `start_thread'
  C:/Ruby/lib/ruby/1.8/webrick/server.rb:95:in `start'
  C:/Ruby/lib/ruby/1.8/webrick/server.rb:92:in `each'
  C:/Ruby/lib/ruby/1.8/webrick/server.rb:92:in `start'
  C:/Ruby/lib/ruby/1.8/webrick/server.rb:23:in `start'
  C:/Ruby/lib/ruby/1.8/webrick/server.rb:82:in `start'

Rendering rescues/layout (not_found)
  [4;35;1mGender Load (1.0ms)[0m   [0mSELECT * FROM "genders" [0m
  [4;36;1mCACHE (0.0ms)[0m   [0;1mSELECT * FROM "genders" [0m
  [4;35;1mCACHE (0.0ms)[0m   [0mSELECT * FROM "genders" [0m


Processing GendersController#women (for 127.0.0.1 at 2011-01-29 11:43:01) [GET]
  Parameters: {"id"=>2}
  [4;36;1mGender Load (0.0ms)[0m   [0;1mSELECT * FROM "genders" WHERE ("genders"."name" = 'Men') LIMIT 1[0m
  [4;35;1mPlay Load (2.0ms)[0m   [0mSELECT * FROM "plays" WHERE ("plays"."classification" = 'Comedy') [0m
  [4;36;1mPlay Load (2.0ms)[0m   [0;1mSELECT * FROM "plays" WHERE ("plays"."classification" = 'History') [0m
  [4;35;1mPlay Load (1.0ms)[0m   [0mSELECT * FROM "plays" WHERE ("plays"."classification" = 'Tragedy') [0m
Rendering template within layouts/application
Rendering genders/show
Cached fragment hit: views/play/_search/gender_women (0.0ms)
Rendered shared/_search (1.0ms)
Rendered shared/_tip_jar (1.0ms)
Completed in 39ms (View: 20, DB: 6) | 200 OK [http://localhost/women/]
  [4;36;1mGender Load (2.0ms)[0m   [0;1mSELECT * FROM "genders" [0m
  [4;35;1mCACHE (0.0ms)[0m   [0mSELECT * FROM "genders" [0m
  [4;36;1mCACHE (0.0ms)[0m   [0;1mSELECT * FROM "genders" [0m


Processing ApplicationController#index (for 127.0.0.1 at 2011-01-29 11:43:01) [GET]

ActionController::RoutingError (No route matches "/public/images/chrome_logo.gif" with {:method=>:get}):
  C:/Ruby/lib/ruby/1.8/webrick/httpserver.rb:104:in `service'
  C:/Ruby/lib/ruby/1.8/webrick/httpserver.rb:65:in `run'
  C:/Ruby/lib/ruby/1.8/webrick/server.rb:173:in `start_thread'
  C:/Ruby/lib/ruby/1.8/webrick/server.rb:162:in `start'
  C:/Ruby/lib/ruby/1.8/webrick/server.rb:162:in `start_thread'
  C:/Ruby/lib/ruby/1.8/webrick/server.rb:95:in `start'
  C:/Ruby/lib/ruby/1.8/webrick/server.rb:92:in `each'
  C:/Ruby/lib/ruby/1.8/webrick/server.rb:92:in `start'
  C:/Ruby/lib/ruby/1.8/webrick/server.rb:23:in `start'
  C:/Ruby/lib/ruby/1.8/webrick/server.rb:82:in `start'

Rendering rescues/layout (not_found)
  [4;35;1mGender Load (1.0ms)[0m   [0mSELECT * FROM "genders" [0m
  [4;36;1mCACHE (0.0ms)[0m   [0;1mSELECT * FROM "genders" [0m
  [4;35;1mCACHE (0.0ms)[0m   [0mSELECT * FROM "genders" [0m


Processing GendersController#women (for 127.0.0.1 at 2011-01-29 11:43:08) [GET]
  Parameters: {"id"=>2}
  [4;36;1mGender Load (0.0ms)[0m   [0;1mSELECT * FROM "genders" WHERE ("genders"."name" = 'Men') LIMIT 1[0m
  [4;35;1mPlay Load (2.0ms)[0m   [0mSELECT * FROM "plays" WHERE ("plays"."classification" = 'Comedy') [0m
  [4;36;1mPlay Load (1.0ms)[0m   [0;1mSELECT * FROM "plays" WHERE ("plays"."classification" = 'History') [0m
  [4;35;1mPlay Load (2.0ms)[0m   [0mSELECT * FROM "plays" WHERE ("plays"."classification" = 'Tragedy') [0m
Rendering template within layouts/application
Rendering genders/show
Cached fragment hit: views/play/_search/gender_women (1.0ms)
Rendered shared/_search (1.0ms)
Rendered shared/_tip_jar (0.0ms)
Completed in 44ms (View: 24, DB: 6) | 200 OK [http://localhost/women/]
  [4;36;1mGender Load (1.0ms)[0m   [0;1mSELECT * FROM "genders" [0m
  [4;35;1mCACHE (0.0ms)[0m   [0mSELECT * FROM "genders" [0m
  [4;36;1mCACHE (0.0ms)[0m   [0;1mSELECT * FROM "genders" [0m


Processing ApplicationController#index (for 127.0.0.1 at 2011-01-29 11:43:08) [GET]

ActionController::RoutingError (No route matches "/public/images/chrome_logo.gif" with {:method=>:get}):
  C:/Ruby/lib/ruby/1.8/webrick/httpserver.rb:104:in `service'
  C:/Ruby/lib/ruby/1.8/webrick/httpserver.rb:65:in `run'
  C:/Ruby/lib/ruby/1.8/webrick/server.rb:173:in `start_thread'
  C:/Ruby/lib/ruby/1.8/webrick/server.rb:162:in `start'
  C:/Ruby/lib/ruby/1.8/webrick/server.rb:162:in `start_thread'
  C:/Ruby/lib/ruby/1.8/webrick/server.rb:95:in `start'
  C:/Ruby/lib/ruby/1.8/webrick/server.rb:92:in `each'
  C:/Ruby/lib/ruby/1.8/webrick/server.rb:92:in `start'
  C:/Ruby/lib/ruby/1.8/webrick/server.rb:23:in `start'
  C:/Ruby/lib/ruby/1.8/webrick/server.rb:82:in `start'

Rendering rescues/layout (not_found)
  [4;35;1mGender Load (1.0ms)[0m   [0mSELECT * FROM "genders" [0m
  [4;36;1mCACHE (0.0ms)[0m   [0;1mSELECT * FROM "genders" [0m
  [4;35;1mCACHE (0.0ms)[0m   [0mSELECT * FROM "genders" [0m


Processing GendersController#women (for 127.0.0.1 at 2011-01-29 11:43:37) [GET]
  Parameters: {"id"=>2}
  [4;36;1mGender Load (1.0ms)[0m   [0;1mSELECT * FROM "genders" WHERE ("genders"."name" = 'Men') LIMIT 1[0m
  [4;35;1mPlay Load (2.0ms)[0m   [0mSELECT * FROM "plays" WHERE ("plays"."classification" = 'Comedy') [0m
  [4;36;1mPlay Load (2.0ms)[0m   [0;1mSELECT * FROM "plays" WHERE ("plays"."classification" = 'History') [0m
  [4;35;1mPlay Load (1.0ms)[0m   [0mSELECT * FROM "plays" WHERE ("plays"."classification" = 'Tragedy') [0m
Rendering template within layouts/application
Rendering genders/show
Cached fragment hit: views/play/_search/gender_women (0.0ms)
Rendered shared/_search (1.0ms)
Rendered shared/_tip_jar (0.0ms)
Completed in 39ms (View: 20, DB: 7) | 200 OK [http://localhost/women/]
  [4;36;1mGender Load (2.0ms)[0m   [0;1mSELECT * FROM "genders" [0m
  [4;35;1mCACHE (0.0ms)[0m   [0mSELECT * FROM "genders" [0m
  [4;36;1mCACHE (0.0ms)[0m   [0;1mSELECT * FROM "genders" [0m


Processing ApplicationController#index (for 127.0.0.1 at 2011-01-29 11:43:38) [GET]

ActionController::RoutingError (No route matches "/public/images/chrome_logo.gif" with {:method=>:get}):
  C:/Ruby/lib/ruby/1.8/webrick/httpserver.rb:104:in `service'
  C:/Ruby/lib/ruby/1.8/webrick/httpserver.rb:65:in `run'
  C:/Ruby/lib/ruby/1.8/webrick/server.rb:173:in `start_thread'
  C:/Ruby/lib/ruby/1.8/webrick/server.rb:162:in `start'
  C:/Ruby/lib/ruby/1.8/webrick/server.rb:162:in `start_thread'
  C:/Ruby/lib/ruby/1.8/webrick/server.rb:95:in `start'
  C:/Ruby/lib/ruby/1.8/webrick/server.rb:92:in `each'
  C:/Ruby/lib/ruby/1.8/webrick/server.rb:92:in `start'
  C:/Ruby/lib/ruby/1.8/webrick/server.rb:23:in `start'
  C:/Ruby/lib/ruby/1.8/webrick/server.rb:82:in `start'

Rendering rescues/layout (not_found)
  [4;35;1mGender Load (1.0ms)[0m   [0mSELECT * FROM "genders" [0m
  [4;36;1mCACHE (0.0ms)[0m   [0;1mSELECT * FROM "genders" [0m
  [4;35;1mCACHE (0.0ms)[0m   [0mSELECT * FROM "genders" [0m


Processing GendersController#women (for 127.0.0.1 at 2011-01-29 11:43:51) [GET]
  Parameters: {"id"=>2}
  [4;36;1mGender Load (0.0ms)[0m   [0;1mSELECT * FROM "genders" WHERE ("genders"."name" = 'Men') LIMIT 1[0m
  [4;35;1mPlay Load (2.0ms)[0m   [0mSELECT * FROM "plays" WHERE ("plays"."classification" = 'Comedy') [0m
  [4;36;1mPlay Load (1.0ms)[0m   [0;1mSELECT * FROM "plays" WHERE ("plays"."classification" = 'History') [0m
  [4;35;1mPlay Load (1.0ms)[0m   [0mSELECT * FROM "plays" WHERE ("plays"."classification" = 'Tragedy') [0m
Rendering template within layouts/application
Rendering genders/show
Cached fragment hit: views/play/_search/gender_women (1.0ms)
Rendered shared/_search (1.0ms)
Rendered shared/_tip_jar (0.0ms)
Completed in 39ms (View: 20, DB: 5) | 200 OK [http://localhost/women/]
  [4;36;1mGender Load (1.0ms)[0m   [0;1mSELECT * FROM "genders" [0m
  [4;35;1mCACHE (0.0ms)[0m   [0mSELECT * FROM "genders" [0m
  [4;36;1mCACHE (0.0ms)[0m   [0;1mSELECT * FROM "genders" [0m


Processing ApplicationController#index (for 127.0.0.1 at 2011-01-29 11:43:51) [GET]

ActionController::RoutingError (No route matches "/women/public/images/chrome_logo.gif" with {:method=>:get}):
  C:/Ruby/lib/ruby/1.8/webrick/httpserver.rb:104:in `service'
  C:/Ruby/lib/ruby/1.8/webrick/httpserver.rb:65:in `run'
  C:/Ruby/lib/ruby/1.8/webrick/server.rb:173:in `start_thread'
  C:/Ruby/lib/ruby/1.8/webrick/server.rb:162:in `start'
  C:/Ruby/lib/ruby/1.8/webrick/server.rb:162:in `start_thread'
  C:/Ruby/lib/ruby/1.8/webrick/server.rb:95:in `start'
  C:/Ruby/lib/ruby/1.8/webrick/server.rb:92:in `each'
  C:/Ruby/lib/ruby/1.8/webrick/server.rb:92:in `start'
  C:/Ruby/lib/ruby/1.8/webrick/server.rb:23:in `start'
  C:/Ruby/lib/ruby/1.8/webrick/server.rb:82:in `start'

Rendering rescues/layout (not_found)
  [4;35;1mGender Load (1.0ms)[0m   [0mSELECT * FROM "genders" [0m
  [4;36;1mCACHE (0.0ms)[0m   [0;1mSELECT * FROM "genders" [0m
  [4;35;1mCACHE (0.0ms)[0m   [0mSELECT * FROM "genders" [0m


Processing GendersController#women (for 127.0.0.1 at 2011-01-29 11:44:06) [GET]
  Parameters: {"id"=>2}
  [4;36;1mGender Load (1.0ms)[0m   [0;1mSELECT * FROM "genders" WHERE ("genders"."name" = 'Men') LIMIT 1[0m
  [4;35;1mPlay Load (2.0ms)[0m   [0mSELECT * FROM "plays" WHERE ("plays"."classification" = 'Comedy') [0m
  [4;36;1mPlay Load (1.0ms)[0m   [0;1mSELECT * FROM "plays" WHERE ("plays"."classification" = 'History') [0m
  [4;35;1mPlay Load (2.0ms)[0m   [0mSELECT * FROM "plays" WHERE ("plays"."classification" = 'Tragedy') [0m
Rendering template within layouts/application
Rendering genders/show
Cached fragment hit: views/play/_search/gender_women (0.0ms)
Rendered shared/_search (1.0ms)
Rendered shared/_tip_jar (0.0ms)
Completed in 32ms (View: 10, DB: 7) | 200 OK [http://localhost/women/]
  [4;36;1mGender Load (4.0ms)[0m   [0;1mSELECT * FROM "genders" [0m
  [4;35;1mCACHE (0.0ms)[0m   [0mSELECT * FROM "genders" [0m
  [4;36;1mCACHE (0.0ms)[0m   [0;1mSELECT * FROM "genders" [0m


Processing ApplicationController#index (for 127.0.0.1 at 2011-01-29 11:44:06) [GET]

ActionController::RoutingError (No route matches "/women/public/images/chrome_logo.gif" with {:method=>:get}):
  C:/Ruby/lib/ruby/1.8/webrick/httpserver.rb:104:in `service'
  C:/Ruby/lib/ruby/1.8/webrick/httpserver.rb:65:in `run'
  C:/Ruby/lib/ruby/1.8/webrick/server.rb:173:in `start_thread'
  C:/Ruby/lib/ruby/1.8/webrick/server.rb:162:in `start'
  C:/Ruby/lib/ruby/1.8/webrick/server.rb:162:in `start_thread'
  C:/Ruby/lib/ruby/1.8/webrick/server.rb:95:in `start'
  C:/Ruby/lib/ruby/1.8/webrick/server.rb:92:in `each'
  C:/Ruby/lib/ruby/1.8/webrick/server.rb:92:in `start'
  C:/Ruby/lib/ruby/1.8/webrick/server.rb:23:in `start'
  C:/Ruby/lib/ruby/1.8/webrick/server.rb:82:in `start'

Rendering rescues/layout (not_found)
  [4;35;1mGender Load (1.0ms)[0m   [0mSELECT * FROM "genders" [0m
  [4;36;1mCACHE (0.0ms)[0m   [0;1mSELECT * FROM "genders" [0m
  [4;35;1mCACHE (0.0ms)[0m   [0mSELECT * FROM "genders" [0m


Processing ApplicationController#index (for 127.0.0.1 at 2011-01-29 11:44:11) [GET]

ActionController::RoutingError (No route matches "/women/public/images/chrome_logo.gif" with {:method=>:get}):
  C:/Ruby/lib/ruby/1.8/webrick/httpserver.rb:104:in `service'
  C:/Ruby/lib/ruby/1.8/webrick/httpserver.rb:65:in `run'
  C:/Ruby/lib/ruby/1.8/webrick/server.rb:173:in `start_thread'
  C:/Ruby/lib/ruby/1.8/webrick/server.rb:162:in `start'
  C:/Ruby/lib/ruby/1.8/webrick/server.rb:162:in `start_thread'
  C:/Ruby/lib/ruby/1.8/webrick/server.rb:95:in `start'
  C:/Ruby/lib/ruby/1.8/webrick/server.rb:92:in `each'
  C:/Ruby/lib/ruby/1.8/webrick/server.rb:92:in `start'
  C:/Ruby/lib/ruby/1.8/webrick/server.rb:23:in `start'
  C:/Ruby/lib/ruby/1.8/webrick/server.rb:82:in `start'

Rendering rescues/layout (not_found)
  [4;36;1mGender Load (1.0ms)[0m   [0;1mSELECT * FROM "genders" [0m
  [4;35;1mCACHE (0.0ms)[0m   [0mSELECT * FROM "genders" [0m
  [4;36;1mCACHE (0.0ms)[0m   [0;1mSELECT * FROM "genders" [0m


Processing GendersController#men (for 127.0.0.1 at 2011-01-29 11:48:18) [GET]
  Parameters: {"id"=>3}
  [4;35;1mGender Load (0.0ms)[0m   [0mSELECT * FROM "genders" WHERE ("genders"."name" = 'Women') LIMIT 1[0m
  [4;36;1mPlay Load (2.0ms)[0m   [0;1mSELECT * FROM "plays" WHERE ("plays"."classification" = 'Comedy') [0m
  [4;35;1mPlay Load (1.0ms)[0m   [0mSELECT * FROM "plays" WHERE ("plays"."classification" = 'History') [0m
  [4;36;1mPlay Load (1.0ms)[0m   [0;1mSELECT * FROM "plays" WHERE ("plays"."classification" = 'Tragedy') [0m
Rendering template within layouts/application
Rendering genders/show
Cached fragment hit: views/play/_search/gender_men (0.0ms)
Rendered shared/_search (0.0ms)
Rendered shared/_tip_jar (0.0ms)
Completed in 91ms (View: 18, DB: 5) | 200 OK [http://localhost/men]
  [4;35;1mGender Load (1.0ms)[0m   [0mSELECT * FROM "genders" [0m
  [4;36;1mCACHE (0.0ms)[0m   [0;1mSELECT * FROM "genders" [0m
  [4;35;1mCACHE (0.0ms)[0m   [0mSELECT * FROM "genders" [0m


Processing GendersController#men (for 127.0.0.1 at 2011-01-29 11:48:20) [GET]
  Parameters: {"id"=>3}
  [4;36;1mGender Load (1.0ms)[0m   [0;1mSELECT * FROM "genders" WHERE ("genders"."name" = 'Women') LIMIT 1[0m
  [4;35;1mPlay Load (3.0ms)[0m   [0mSELECT * FROM "plays" WHERE ("plays"."classification" = 'Comedy') [0m
  [4;36;1mPlay Load (1.0ms)[0m   [0;1mSELECT * FROM "plays" WHERE ("plays"."classification" = 'History') [0m
  [4;35;1mPlay Load (2.0ms)[0m   [0mSELECT * FROM "plays" WHERE ("plays"."classification" = 'Tragedy') [0m
Rendering template within layouts/application
Rendering genders/show
Cached fragment hit: views/play/_search/gender_men (0.0ms)
Rendered shared/_search (3.0ms)
Rendered shared/_tip_jar (0.0ms)
Completed in 43ms (View: 15, DB: 8) | 200 OK [http://localhost/men]
  [4;36;1mGender Load (1.0ms)[0m   [0;1mSELECT * FROM "genders" [0m
  [4;35;1mCACHE (0.0ms)[0m   [0mSELECT * FROM "genders" [0m
  [4;36;1mCACHE (0.0ms)[0m   [0;1mSELECT * FROM "genders" [0m


Processing GendersController#women (for 127.0.0.1 at 2011-01-29 11:48:25) [GET]
  Parameters: {"id"=>2}
  [4;35;1mGender Load (0.0ms)[0m   [0mSELECT * FROM "genders" WHERE ("genders"."name" = 'Men') LIMIT 1[0m
  [4;36;1mPlay Load (3.0ms)[0m   [0;1mSELECT * FROM "plays" WHERE ("plays"."classification" = 'Comedy') [0m
  [4;35;1mPlay Load (2.0ms)[0m   [0mSELECT * FROM "plays" WHERE ("plays"."classification" = 'History') [0m
  [4;36;1mPlay Load (2.0ms)[0m   [0;1mSELECT * FROM "plays" WHERE ("plays"."classification" = 'Tragedy') [0m
Rendering template within layouts/application
Rendering genders/show
Cached fragment hit: views/play/_search/gender_women (0.0ms)
Rendered shared/_search (2.0ms)
Rendered shared/_tip_jar (0.0ms)
Completed in 40ms (View: 16, DB: 8) | 200 OK [http://localhost/women]
